Using Spark's default log4j profile: org/apache/spark/log4j-defaults.properties
19/10/29 20:21:35 INFO SparkContext: Running Spark version 1.5.2
19/10/29 20:21:35 WARN NativeCodeLoader: Unable to load native-hadoop library for your platform... using builtin-java classes where applicable
19/10/29 20:21:36 INFO SecurityManager: Changing view acls to: exd7159
19/10/29 20:21:36 INFO SecurityManager: Changing modify acls to: exd7159
19/10/29 20:21:36 INFO SecurityManager: SecurityManager: authentication disabled; ui acls disabled; users with view permissions: Set(exd7159); users with modify permissions: Set(exd7159)
19/10/29 20:21:37 INFO Slf4jLogger: Slf4jLogger started
19/10/29 20:21:37 INFO Remoting: Starting remoting
19/10/29 20:21:37 INFO Remoting: Remoting started; listening on addresses :[akka.tcp://sparkDriver@198.202.112.15:43151]
19/10/29 20:21:37 INFO Utils: Successfully started service 'sparkDriver' on port 43151.
19/10/29 20:21:37 INFO SparkEnv: Registering MapOutputTracker
19/10/29 20:21:37 INFO SparkEnv: Registering BlockManagerMaster
19/10/29 20:21:37 INFO DiskBlockManager: Created local directory at /tmp/blockmgr-d6f7ebe7-d427-460a-b033-09795122a89b
19/10/29 20:21:37 INFO MemoryStore: MemoryStore started with capacity 530.0 MB
19/10/29 20:21:37 INFO HttpFileServer: HTTP File server directory is /tmp/spark-5351440a-9303-4e02-8dae-7979f45248d9/httpd-9354d4d1-ce61-4ddd-a117-cfdb06e9272b
19/10/29 20:21:37 INFO HttpServer: Starting HTTP Server
19/10/29 20:21:37 INFO Utils: Successfully started service 'HTTP file server' on port 35456.
19/10/29 20:21:37 INFO SparkEnv: Registering OutputCommitCoordinator
19/10/29 20:21:37 INFO Utils: Successfully started service 'SparkUI' on port 4040.
19/10/29 20:21:37 INFO SparkUI: Started SparkUI at http://198.202.112.15:4040
19/10/29 20:21:37 INFO SparkContext: Added JAR file:/home/exd7159/project5/partition.jar at http://198.202.112.15:35456/jars/partition.jar with timestamp 1572405697922
19/10/29 20:21:38 WARN MetricsSystem: Using default name DAGScheduler for source because spark.app.id is not set.
19/10/29 20:21:38 INFO Executor: Starting executor ID driver on host localhost
19/10/29 20:21:38 INFO Utils: Successfully started service 'org.apache.spark.network.netty.NettyBlockTransferService' on port 35131.
19/10/29 20:21:38 INFO NettyBlockTransferService: Server created on 35131
19/10/29 20:21:38 INFO BlockManagerMaster: Trying to register BlockManager
19/10/29 20:21:38 INFO BlockManagerMasterEndpoint: Registering block manager localhost:35131 with 530.0 MB RAM, BlockManagerId(driver, localhost, 35131)
19/10/29 20:21:38 INFO BlockManagerMaster: Registered BlockManager
19/10/29 20:21:39 INFO MemoryStore: ensureFreeSpace(120040) called with curMem=0, maxMem=555755765
19/10/29 20:21:39 INFO MemoryStore: Block broadcast_0 stored as values in memory (estimated size 117.2 KB, free 529.9 MB)
19/10/29 20:21:39 INFO MemoryStore: ensureFreeSpace(12673) called with curMem=120040, maxMem=555755765
19/10/29 20:21:39 INFO MemoryStore: Block broadcast_0_piece0 stored as bytes in memory (estimated size 12.4 KB, free 529.9 MB)
19/10/29 20:21:39 INFO BlockManagerInfo: Added broadcast_0_piece0 in memory on localhost:35131 (size: 12.4 KB, free: 530.0 MB)
19/10/29 20:21:39 INFO SparkContext: Created broadcast 0 from textFile at Partition.scala:45
19/10/29 20:21:39 INFO FileInputFormat: Total input paths to process : 1
19/10/29 20:21:40 INFO SparkContext: Starting job: collect at Partition.scala:50
19/10/29 20:21:40 INFO DAGScheduler: Registering RDD 3 (flatMap at Partition.scala:47)
19/10/29 20:21:40 INFO DAGScheduler: Registering RDD 6 (flatMap at Partition.scala:47)
19/10/29 20:21:40 INFO DAGScheduler: Registering RDD 9 (flatMap at Partition.scala:47)
19/10/29 20:21:40 INFO DAGScheduler: Registering RDD 12 (flatMap at Partition.scala:47)
19/10/29 20:21:40 INFO DAGScheduler: Registering RDD 15 (flatMap at Partition.scala:47)
19/10/29 20:21:40 INFO DAGScheduler: Registering RDD 18 (flatMap at Partition.scala:47)
19/10/29 20:21:40 INFO DAGScheduler: Registering RDD 21 (map at Partition.scala:49)
19/10/29 20:21:40 INFO DAGScheduler: Got job 0 (collect at Partition.scala:50) with 2 output partitions
19/10/29 20:21:40 INFO DAGScheduler: Final stage: ResultStage 7(collect at Partition.scala:50)
19/10/29 20:21:40 INFO DAGScheduler: Parents of final stage: List(ShuffleMapStage 6)
19/10/29 20:21:40 INFO DAGScheduler: Missing parents: List(ShuffleMapStage 6)
19/10/29 20:21:40 INFO DAGScheduler: Submitting ShuffleMapStage 0 (MapPartitionsRDD[3] at flatMap at Partition.scala:47), which has no missing parents
19/10/29 20:21:40 INFO MemoryStore: ensureFreeSpace(4936) called with curMem=132713, maxMem=555755765
19/10/29 20:21:40 INFO MemoryStore: Block broadcast_1 stored as values in memory (estimated size 4.8 KB, free 529.9 MB)
19/10/29 20:21:40 INFO MemoryStore: ensureFreeSpace(2641) called with curMem=137649, maxMem=555755765
19/10/29 20:21:40 INFO MemoryStore: Block broadcast_1_piece0 stored as bytes in memory (estimated size 2.6 KB, free 529.9 MB)
19/10/29 20:21:40 INFO BlockManagerInfo: Added broadcast_1_piece0 in memory on localhost:35131 (size: 2.6 KB, free: 530.0 MB)
19/10/29 20:21:40 INFO SparkContext: Created broadcast 1 from broadcast at DAGScheduler.scala:861
19/10/29 20:21:40 INFO DAGScheduler: Submitting 2 missing tasks from ShuffleMapStage 0 (MapPartitionsRDD[3] at flatMap at Partition.scala:47)
19/10/29 20:21:40 INFO TaskSchedulerImpl: Adding task set 0.0 with 2 tasks
19/10/29 20:21:40 INFO TaskSetManager: Starting task 0.0 in stage 0.0 (TID 0, localhost, PROCESS_LOCAL, 2197 bytes)
19/10/29 20:21:40 INFO TaskSetManager: Starting task 1.0 in stage 0.0 (TID 1, localhost, PROCESS_LOCAL, 2197 bytes)
19/10/29 20:21:40 INFO Executor: Running task 0.0 in stage 0.0 (TID 0)
19/10/29 20:21:40 INFO Executor: Fetching http://198.202.112.15:35456/jars/partition.jar with timestamp 1572405697922
19/10/29 20:21:40 INFO Executor: Running task 1.0 in stage 0.0 (TID 1)
19/10/29 20:21:40 INFO Utils: Fetching http://198.202.112.15:35456/jars/partition.jar to /tmp/spark-5351440a-9303-4e02-8dae-7979f45248d9/userFiles-091c2b7d-cb06-4f2c-afdb-045bd8230530/fetchFileTemp6105313226023726322.tmp
19/10/29 20:21:40 INFO Executor: Adding file:/tmp/spark-5351440a-9303-4e02-8dae-7979f45248d9/userFiles-091c2b7d-cb06-4f2c-afdb-045bd8230530/partition.jar to class loader
19/10/29 20:21:40 INFO HadoopRDD: Input split: file:/home/exd7159/project5/small-graph.txt:1770+1771
19/10/29 20:21:40 INFO HadoopRDD: Input split: file:/home/exd7159/project5/small-graph.txt:0+1770
19/10/29 20:21:40 INFO deprecation: mapred.tip.id is deprecated. Instead, use mapreduce.task.id
19/10/29 20:21:40 INFO deprecation: mapred.task.id is deprecated. Instead, use mapreduce.task.attempt.id
19/10/29 20:21:40 INFO deprecation: mapred.task.is.map is deprecated. Instead, use mapreduce.task.ismap
19/10/29 20:21:40 INFO deprecation: mapred.task.partition is deprecated. Instead, use mapreduce.task.partition
19/10/29 20:21:40 INFO deprecation: mapred.job.id is deprecated. Instead, use mapreduce.job.id
19/10/29 20:21:40 INFO Executor: Finished task 0.0 in stage 0.0 (TID 0). 2254 bytes result sent to driver
19/10/29 20:21:40 INFO Executor: Finished task 1.0 in stage 0.0 (TID 1). 2254 bytes result sent to driver
19/10/29 20:21:40 INFO TaskSetManager: Finished task 0.0 in stage 0.0 (TID 0) in 303 ms on localhost (1/2)
19/10/29 20:21:40 INFO DAGScheduler: ShuffleMapStage 0 (flatMap at Partition.scala:47) finished in 0.328 s
19/10/29 20:21:40 INFO DAGScheduler: looking for newly runnable stages
19/10/29 20:21:40 INFO DAGScheduler: running: Set()
19/10/29 20:21:40 INFO DAGScheduler: waiting: Set(ShuffleMapStage 1, ShuffleMapStage 5, ShuffleMapStage 2, ShuffleMapStage 6, ShuffleMapStage 3, ResultStage 7, ShuffleMapStage 4)
19/10/29 20:21:40 INFO DAGScheduler: failed: Set()
19/10/29 20:21:40 INFO DAGScheduler: Missing parents for ShuffleMapStage 1: List()
19/10/29 20:21:40 INFO DAGScheduler: Missing parents for ShuffleMapStage 5: List(ShuffleMapStage 4)
19/10/29 20:21:40 INFO DAGScheduler: Missing parents for ShuffleMapStage 2: List(ShuffleMapStage 1)
19/10/29 20:21:40 INFO DAGScheduler: Missing parents for ShuffleMapStage 6: List(ShuffleMapStage 5)
19/10/29 20:21:40 INFO DAGScheduler: Missing parents for ShuffleMapStage 3: List(ShuffleMapStage 2)
19/10/29 20:21:40 INFO DAGScheduler: Missing parents for ResultStage 7: List(ShuffleMapStage 6)
19/10/29 20:21:40 INFO DAGScheduler: Missing parents for ShuffleMapStage 4: List(ShuffleMapStage 3)
19/10/29 20:21:40 INFO TaskSetManager: Finished task 1.0 in stage 0.0 (TID 1) in 300 ms on localhost (2/2)
19/10/29 20:21:40 INFO DAGScheduler: Submitting ShuffleMapStage 1 (MapPartitionsRDD[6] at flatMap at Partition.scala:47), which is now runnable
19/10/29 20:21:40 INFO MemoryStore: ensureFreeSpace(5488) called with curMem=140290, maxMem=555755765
19/10/29 20:21:40 INFO MemoryStore: Block broadcast_2 stored as values in memory (estimated size 5.4 KB, free 529.9 MB)
19/10/29 20:21:40 INFO MemoryStore: ensureFreeSpace(2861) called with curMem=145778, maxMem=555755765
19/10/29 20:21:40 INFO MemoryStore: Block broadcast_2_piece0 stored as bytes in memory (estimated size 2.8 KB, free 529.9 MB)
19/10/29 20:21:40 INFO TaskSchedulerImpl: Removed TaskSet 0.0, whose tasks have all completed, from pool 
19/10/29 20:21:40 INFO BlockManagerInfo: Added broadcast_2_piece0 in memory on localhost:35131 (size: 2.8 KB, free: 530.0 MB)
19/10/29 20:21:40 INFO SparkContext: Created broadcast 2 from broadcast at DAGScheduler.scala:861
19/10/29 20:21:40 INFO DAGScheduler: Submitting 2 missing tasks from ShuffleMapStage 1 (MapPartitionsRDD[6] at flatMap at Partition.scala:47)
19/10/29 20:21:40 INFO TaskSchedulerImpl: Adding task set 1.0 with 2 tasks
19/10/29 20:21:40 INFO TaskSetManager: Starting task 0.0 in stage 1.0 (TID 2, localhost, PROCESS_LOCAL, 1946 bytes)
19/10/29 20:21:40 INFO TaskSetManager: Starting task 1.0 in stage 1.0 (TID 3, localhost, PROCESS_LOCAL, 1946 bytes)
19/10/29 20:21:40 INFO Executor: Running task 0.0 in stage 1.0 (TID 2)
19/10/29 20:21:40 INFO Executor: Running task 1.0 in stage 1.0 (TID 3)
19/10/29 20:21:40 INFO ShuffleBlockFetcherIterator: Getting 2 non-empty blocks out of 2 blocks
19/10/29 20:21:40 INFO ShuffleBlockFetcherIterator: Started 0 remote fetches in 3 ms
19/10/29 20:21:40 INFO ShuffleBlockFetcherIterator: Getting 2 non-empty blocks out of 2 blocks
19/10/29 20:21:40 INFO ShuffleBlockFetcherIterator: Started 0 remote fetches in 1 ms
19/10/29 20:21:40 INFO Executor: Finished task 0.0 in stage 1.0 (TID 2). 1375 bytes result sent to driver
19/10/29 20:21:40 INFO TaskSetManager: Finished task 0.0 in stage 1.0 (TID 2) in 129 ms on localhost (1/2)
19/10/29 20:21:40 INFO Executor: Finished task 1.0 in stage 1.0 (TID 3). 1375 bytes result sent to driver
19/10/29 20:21:40 INFO DAGScheduler: ShuffleMapStage 1 (flatMap at Partition.scala:47) finished in 0.156 s
19/10/29 20:21:40 INFO DAGScheduler: looking for newly runnable stages
19/10/29 20:21:40 INFO DAGScheduler: running: Set()
19/10/29 20:21:40 INFO DAGScheduler: waiting: Set(ShuffleMapStage 5, ShuffleMapStage 2, ShuffleMapStage 6, ShuffleMapStage 3, ResultStage 7, ShuffleMapStage 4)
19/10/29 20:21:40 INFO DAGScheduler: failed: Set()
19/10/29 20:21:40 INFO DAGScheduler: Missing parents for ShuffleMapStage 5: List(ShuffleMapStage 4)
19/10/29 20:21:40 INFO DAGScheduler: Missing parents for ShuffleMapStage 2: List()
19/10/29 20:21:40 INFO DAGScheduler: Missing parents for ShuffleMapStage 6: List(ShuffleMapStage 5)
19/10/29 20:21:40 INFO DAGScheduler: Missing parents for ShuffleMapStage 3: List(ShuffleMapStage 2)
19/10/29 20:21:40 INFO DAGScheduler: Missing parents for ResultStage 7: List(ShuffleMapStage 6)
19/10/29 20:21:40 INFO DAGScheduler: Missing parents for ShuffleMapStage 4: List(ShuffleMapStage 3)
19/10/29 20:21:40 INFO DAGScheduler: Submitting ShuffleMapStage 2 (MapPartitionsRDD[9] at flatMap at Partition.scala:47), which is now runnable
19/10/29 20:21:40 INFO MemoryStore: ensureFreeSpace(5816) called with curMem=148639, maxMem=555755765
19/10/29 20:21:40 INFO MemoryStore: Block broadcast_3 stored as values in memory (estimated size 5.7 KB, free 529.9 MB)
19/10/29 20:21:40 INFO MemoryStore: ensureFreeSpace(2965) called with curMem=154455, maxMem=555755765
19/10/29 20:21:40 INFO MemoryStore: Block broadcast_3_piece0 stored as bytes in memory (estimated size 2.9 KB, free 529.9 MB)
19/10/29 20:21:40 INFO BlockManagerInfo: Added broadcast_3_piece0 in memory on localhost:35131 (size: 2.9 KB, free: 530.0 MB)
19/10/29 20:21:40 INFO SparkContext: Created broadcast 3 from broadcast at DAGScheduler.scala:861
19/10/29 20:21:40 INFO DAGScheduler: Submitting 2 missing tasks from ShuffleMapStage 2 (MapPartitionsRDD[9] at flatMap at Partition.scala:47)
19/10/29 20:21:40 INFO TaskSchedulerImpl: Adding task set 2.0 with 2 tasks
19/10/29 20:21:40 INFO TaskSetManager: Finished task 1.0 in stage 1.0 (TID 3) in 166 ms on localhost (2/2)
19/10/29 20:21:40 INFO TaskSchedulerImpl: Removed TaskSet 1.0, whose tasks have all completed, from pool 
19/10/29 20:21:40 INFO TaskSetManager: Starting task 0.0 in stage 2.0 (TID 4, localhost, PROCESS_LOCAL, 1946 bytes)
19/10/29 20:21:40 INFO TaskSetManager: Starting task 1.0 in stage 2.0 (TID 5, localhost, PROCESS_LOCAL, 1946 bytes)
19/10/29 20:21:40 INFO Executor: Running task 0.0 in stage 2.0 (TID 4)
19/10/29 20:21:40 INFO ShuffleBlockFetcherIterator: Getting 2 non-empty blocks out of 2 blocks
19/10/29 20:21:40 INFO ShuffleBlockFetcherIterator: Started 0 remote fetches in 1 ms
19/10/29 20:21:40 INFO Executor: Running task 1.0 in stage 2.0 (TID 5)
19/10/29 20:21:40 INFO ShuffleBlockFetcherIterator: Getting 2 non-empty blocks out of 2 blocks
19/10/29 20:21:40 INFO ShuffleBlockFetcherIterator: Started 0 remote fetches in 0 ms
19/10/29 20:21:40 INFO Executor: Finished task 1.0 in stage 2.0 (TID 5). 1375 bytes result sent to driver
19/10/29 20:21:40 INFO TaskSetManager: Finished task 1.0 in stage 2.0 (TID 5) in 81 ms on localhost (1/2)
19/10/29 20:21:40 INFO Executor: Finished task 0.0 in stage 2.0 (TID 4). 1375 bytes result sent to driver
19/10/29 20:21:40 INFO TaskSetManager: Finished task 0.0 in stage 2.0 (TID 4) in 98 ms on localhost (2/2)
19/10/29 20:21:40 INFO TaskSchedulerImpl: Removed TaskSet 2.0, whose tasks have all completed, from pool 
19/10/29 20:21:40 INFO DAGScheduler: ShuffleMapStage 2 (flatMap at Partition.scala:47) finished in 0.076 s
19/10/29 20:21:40 INFO DAGScheduler: looking for newly runnable stages
19/10/29 20:21:40 INFO DAGScheduler: running: Set()
19/10/29 20:21:40 INFO DAGScheduler: waiting: Set(ShuffleMapStage 5, ShuffleMapStage 6, ShuffleMapStage 3, ResultStage 7, ShuffleMapStage 4)
19/10/29 20:21:40 INFO DAGScheduler: failed: Set()
19/10/29 20:21:40 INFO DAGScheduler: Missing parents for ShuffleMapStage 5: List(ShuffleMapStage 4)
19/10/29 20:21:40 INFO DAGScheduler: Missing parents for ShuffleMapStage 6: List(ShuffleMapStage 5)
19/10/29 20:21:40 INFO DAGScheduler: Missing parents for ShuffleMapStage 3: List()
19/10/29 20:21:40 INFO DAGScheduler: Missing parents for ResultStage 7: List(ShuffleMapStage 6)
19/10/29 20:21:40 INFO DAGScheduler: Missing parents for ShuffleMapStage 4: List(ShuffleMapStage 3)
19/10/29 20:21:40 INFO DAGScheduler: Submitting ShuffleMapStage 3 (MapPartitionsRDD[12] at flatMap at Partition.scala:47), which is now runnable
19/10/29 20:21:40 INFO MemoryStore: ensureFreeSpace(6152) called with curMem=157420, maxMem=555755765
19/10/29 20:21:40 INFO MemoryStore: Block broadcast_4 stored as values in memory (estimated size 6.0 KB, free 529.9 MB)
19/10/29 20:21:40 INFO MemoryStore: ensureFreeSpace(3044) called with curMem=163572, maxMem=555755765
19/10/29 20:21:40 INFO MemoryStore: Block broadcast_4_piece0 stored as bytes in memory (estimated size 3.0 KB, free 529.9 MB)
19/10/29 20:21:40 INFO BlockManagerInfo: Added broadcast_4_piece0 in memory on localhost:35131 (size: 3.0 KB, free: 530.0 MB)
19/10/29 20:21:40 INFO SparkContext: Created broadcast 4 from broadcast at DAGScheduler.scala:861
19/10/29 20:21:40 INFO DAGScheduler: Submitting 2 missing tasks from ShuffleMapStage 3 (MapPartitionsRDD[12] at flatMap at Partition.scala:47)
19/10/29 20:21:40 INFO TaskSchedulerImpl: Adding task set 3.0 with 2 tasks
19/10/29 20:21:40 INFO TaskSetManager: Starting task 0.0 in stage 3.0 (TID 6, localhost, PROCESS_LOCAL, 1946 bytes)
19/10/29 20:21:40 INFO TaskSetManager: Starting task 1.0 in stage 3.0 (TID 7, localhost, PROCESS_LOCAL, 1946 bytes)
19/10/29 20:21:40 INFO Executor: Running task 0.0 in stage 3.0 (TID 6)
19/10/29 20:21:40 INFO ShuffleBlockFetcherIterator: Getting 2 non-empty blocks out of 2 blocks
19/10/29 20:21:40 INFO ShuffleBlockFetcherIterator: Started 0 remote fetches in 0 ms
19/10/29 20:21:40 INFO Executor: Running task 1.0 in stage 3.0 (TID 7)
19/10/29 20:21:40 INFO ShuffleBlockFetcherIterator: Getting 2 non-empty blocks out of 2 blocks
19/10/29 20:21:40 INFO ShuffleBlockFetcherIterator: Started 0 remote fetches in 0 ms
19/10/29 20:21:40 INFO Executor: Finished task 1.0 in stage 3.0 (TID 7). 1375 bytes result sent to driver
19/10/29 20:21:40 INFO TaskSetManager: Finished task 1.0 in stage 3.0 (TID 7) in 97 ms on localhost (1/2)
19/10/29 20:21:41 INFO Executor: Finished task 0.0 in stage 3.0 (TID 6). 1375 bytes result sent to driver
19/10/29 20:21:41 INFO TaskSetManager: Finished task 0.0 in stage 3.0 (TID 6) in 163 ms on localhost (2/2)
19/10/29 20:21:41 INFO TaskSchedulerImpl: Removed TaskSet 3.0, whose tasks have all completed, from pool 
19/10/29 20:21:41 INFO DAGScheduler: ShuffleMapStage 3 (flatMap at Partition.scala:47) finished in 0.163 s
19/10/29 20:21:41 INFO DAGScheduler: looking for newly runnable stages
19/10/29 20:21:41 INFO DAGScheduler: running: Set()
19/10/29 20:21:41 INFO DAGScheduler: waiting: Set(ShuffleMapStage 5, ShuffleMapStage 6, ResultStage 7, ShuffleMapStage 4)
19/10/29 20:21:41 INFO DAGScheduler: failed: Set()
19/10/29 20:21:41 INFO DAGScheduler: Missing parents for ShuffleMapStage 5: List(ShuffleMapStage 4)
19/10/29 20:21:41 INFO DAGScheduler: Missing parents for ShuffleMapStage 6: List(ShuffleMapStage 5)
19/10/29 20:21:41 INFO DAGScheduler: Missing parents for ResultStage 7: List(ShuffleMapStage 6)
19/10/29 20:21:41 INFO DAGScheduler: Missing parents for ShuffleMapStage 4: List()
19/10/29 20:21:41 INFO DAGScheduler: Submitting ShuffleMapStage 4 (MapPartitionsRDD[15] at flatMap at Partition.scala:47), which is now runnable
19/10/29 20:21:41 INFO MemoryStore: ensureFreeSpace(6480) called with curMem=166616, maxMem=555755765
19/10/29 20:21:41 INFO MemoryStore: Block broadcast_5 stored as values in memory (estimated size 6.3 KB, free 529.8 MB)
19/10/29 20:21:41 INFO MemoryStore: ensureFreeSpace(3136) called with curMem=173096, maxMem=555755765
19/10/29 20:21:41 INFO MemoryStore: Block broadcast_5_piece0 stored as bytes in memory (estimated size 3.1 KB, free 529.8 MB)
19/10/29 20:21:41 INFO BlockManagerInfo: Added broadcast_5_piece0 in memory on localhost:35131 (size: 3.1 KB, free: 530.0 MB)
19/10/29 20:21:41 INFO SparkContext: Created broadcast 5 from broadcast at DAGScheduler.scala:861
19/10/29 20:21:41 INFO DAGScheduler: Submitting 2 missing tasks from ShuffleMapStage 4 (MapPartitionsRDD[15] at flatMap at Partition.scala:47)
19/10/29 20:21:41 INFO TaskSchedulerImpl: Adding task set 4.0 with 2 tasks
19/10/29 20:21:41 INFO TaskSetManager: Starting task 0.0 in stage 4.0 (TID 8, localhost, PROCESS_LOCAL, 1946 bytes)
19/10/29 20:21:41 INFO TaskSetManager: Starting task 1.0 in stage 4.0 (TID 9, localhost, PROCESS_LOCAL, 1946 bytes)
19/10/29 20:21:41 INFO Executor: Running task 1.0 in stage 4.0 (TID 9)
19/10/29 20:21:41 INFO Executor: Running task 0.0 in stage 4.0 (TID 8)
19/10/29 20:21:41 INFO ShuffleBlockFetcherIterator: Getting 2 non-empty blocks out of 2 blocks
19/10/29 20:21:41 INFO ShuffleBlockFetcherIterator: Started 0 remote fetches in 0 ms
19/10/29 20:21:41 INFO ShuffleBlockFetcherIterator: Getting 2 non-empty blocks out of 2 blocks
19/10/29 20:21:41 INFO ShuffleBlockFetcherIterator: Started 0 remote fetches in 0 ms
19/10/29 20:21:41 INFO Executor: Finished task 1.0 in stage 4.0 (TID 9). 1375 bytes result sent to driver
19/10/29 20:21:41 INFO TaskSetManager: Finished task 1.0 in stage 4.0 (TID 9) in 76 ms on localhost (1/2)
19/10/29 20:21:41 INFO Executor: Finished task 0.0 in stage 4.0 (TID 8). 1375 bytes result sent to driver
19/10/29 20:21:41 INFO TaskSetManager: Finished task 0.0 in stage 4.0 (TID 8) in 108 ms on localhost (2/2)
19/10/29 20:21:41 INFO TaskSchedulerImpl: Removed TaskSet 4.0, whose tasks have all completed, from pool 
19/10/29 20:21:41 INFO DAGScheduler: ShuffleMapStage 4 (flatMap at Partition.scala:47) finished in 0.109 s
19/10/29 20:21:41 INFO DAGScheduler: looking for newly runnable stages
19/10/29 20:21:41 INFO DAGScheduler: running: Set()
19/10/29 20:21:41 INFO DAGScheduler: waiting: Set(ShuffleMapStage 5, ShuffleMapStage 6, ResultStage 7)
19/10/29 20:21:41 INFO DAGScheduler: failed: Set()
19/10/29 20:21:41 INFO DAGScheduler: Missing parents for ShuffleMapStage 5: List()
19/10/29 20:21:41 INFO DAGScheduler: Missing parents for ShuffleMapStage 6: List(ShuffleMapStage 5)
19/10/29 20:21:41 INFO DAGScheduler: Missing parents for ResultStage 7: List(ShuffleMapStage 6)
19/10/29 20:21:41 INFO DAGScheduler: Submitting ShuffleMapStage 5 (MapPartitionsRDD[18] at flatMap at Partition.scala:47), which is now runnable
19/10/29 20:21:41 INFO MemoryStore: ensureFreeSpace(6816) called with curMem=176232, maxMem=555755765
19/10/29 20:21:41 INFO MemoryStore: Block broadcast_6 stored as values in memory (estimated size 6.7 KB, free 529.8 MB)
19/10/29 20:21:41 INFO MemoryStore: ensureFreeSpace(3205) called with curMem=183048, maxMem=555755765
19/10/29 20:21:41 INFO MemoryStore: Block broadcast_6_piece0 stored as bytes in memory (estimated size 3.1 KB, free 529.8 MB)
19/10/29 20:21:41 INFO BlockManagerInfo: Added broadcast_6_piece0 in memory on localhost:35131 (size: 3.1 KB, free: 530.0 MB)
19/10/29 20:21:41 INFO SparkContext: Created broadcast 6 from broadcast at DAGScheduler.scala:861
19/10/29 20:21:41 INFO DAGScheduler: Submitting 2 missing tasks from ShuffleMapStage 5 (MapPartitionsRDD[18] at flatMap at Partition.scala:47)
19/10/29 20:21:41 INFO TaskSchedulerImpl: Adding task set 5.0 with 2 tasks
19/10/29 20:21:41 INFO TaskSetManager: Starting task 0.0 in stage 5.0 (TID 10, localhost, PROCESS_LOCAL, 1946 bytes)
19/10/29 20:21:41 INFO TaskSetManager: Starting task 1.0 in stage 5.0 (TID 11, localhost, PROCESS_LOCAL, 1946 bytes)
19/10/29 20:21:41 INFO Executor: Running task 1.0 in stage 5.0 (TID 11)
19/10/29 20:21:41 INFO ShuffleBlockFetcherIterator: Getting 2 non-empty blocks out of 2 blocks
19/10/29 20:21:41 INFO ShuffleBlockFetcherIterator: Started 0 remote fetches in 0 ms
19/10/29 20:21:41 INFO Executor: Finished task 1.0 in stage 5.0 (TID 11). 1375 bytes result sent to driver
19/10/29 20:21:41 INFO TaskSetManager: Finished task 1.0 in stage 5.0 (TID 11) in 14 ms on localhost (1/2)
19/10/29 20:21:41 INFO Executor: Running task 0.0 in stage 5.0 (TID 10)
19/10/29 20:21:41 INFO ShuffleBlockFetcherIterator: Getting 2 non-empty blocks out of 2 blocks
19/10/29 20:21:41 INFO ShuffleBlockFetcherIterator: Started 0 remote fetches in 0 ms
19/10/29 20:21:41 INFO Executor: Finished task 0.0 in stage 5.0 (TID 10). 1375 bytes result sent to driver
19/10/29 20:21:41 INFO TaskSetManager: Finished task 0.0 in stage 5.0 (TID 10) in 56 ms on localhost (2/2)
19/10/29 20:21:41 INFO TaskSchedulerImpl: Removed TaskSet 5.0, whose tasks have all completed, from pool 
19/10/29 20:21:41 INFO DAGScheduler: ShuffleMapStage 5 (flatMap at Partition.scala:47) finished in 0.056 s
19/10/29 20:21:41 INFO DAGScheduler: looking for newly runnable stages
19/10/29 20:21:41 INFO DAGScheduler: running: Set()
19/10/29 20:21:41 INFO DAGScheduler: waiting: Set(ShuffleMapStage 6, ResultStage 7)
19/10/29 20:21:41 INFO DAGScheduler: failed: Set()
19/10/29 20:21:41 INFO DAGScheduler: Missing parents for ShuffleMapStage 6: List()
19/10/29 20:21:41 INFO DAGScheduler: Missing parents for ResultStage 7: List(ShuffleMapStage 6)
19/10/29 20:21:41 INFO DAGScheduler: Submitting ShuffleMapStage 6 (MapPartitionsRDD[21] at map at Partition.scala:49), which is now runnable
19/10/29 20:21:41 INFO MemoryStore: ensureFreeSpace(7256) called with curMem=186253, maxMem=555755765
19/10/29 20:21:41 INFO MemoryStore: Block broadcast_7 stored as values in memory (estimated size 7.1 KB, free 529.8 MB)
19/10/29 20:21:41 INFO MemoryStore: ensureFreeSpace(3335) called with curMem=193509, maxMem=555755765
19/10/29 20:21:41 INFO MemoryStore: Block broadcast_7_piece0 stored as bytes in memory (estimated size 3.3 KB, free 529.8 MB)
19/10/29 20:21:41 INFO BlockManagerInfo: Added broadcast_7_piece0 in memory on localhost:35131 (size: 3.3 KB, free: 530.0 MB)
19/10/29 20:21:41 INFO SparkContext: Created broadcast 7 from broadcast at DAGScheduler.scala:861
19/10/29 20:21:41 INFO DAGScheduler: Submitting 2 missing tasks from ShuffleMapStage 6 (MapPartitionsRDD[21] at map at Partition.scala:49)
19/10/29 20:21:41 INFO TaskSchedulerImpl: Adding task set 6.0 with 2 tasks
19/10/29 20:21:41 INFO TaskSetManager: Starting task 0.0 in stage 6.0 (TID 12, localhost, PROCESS_LOCAL, 1946 bytes)
19/10/29 20:21:41 INFO TaskSetManager: Starting task 1.0 in stage 6.0 (TID 13, localhost, PROCESS_LOCAL, 1946 bytes)
19/10/29 20:21:41 INFO Executor: Running task 1.0 in stage 6.0 (TID 13)
19/10/29 20:21:41 INFO ShuffleBlockFetcherIterator: Getting 2 non-empty blocks out of 2 blocks
19/10/29 20:21:41 INFO ShuffleBlockFetcherIterator: Started 0 remote fetches in 0 ms
19/10/29 20:21:41 INFO Executor: Running task 0.0 in stage 6.0 (TID 12)
19/10/29 20:21:41 INFO ShuffleBlockFetcherIterator: Getting 2 non-empty blocks out of 2 blocks
19/10/29 20:21:41 INFO ShuffleBlockFetcherIterator: Started 0 remote fetches in 0 ms
19/10/29 20:21:41 INFO Executor: Finished task 1.0 in stage 6.0 (TID 13). 1375 bytes result sent to driver
19/10/29 20:21:41 INFO TaskSetManager: Finished task 1.0 in stage 6.0 (TID 13) in 98 ms on localhost (1/2)
19/10/29 20:21:41 INFO Executor: Finished task 0.0 in stage 6.0 (TID 12). 1375 bytes result sent to driver
19/10/29 20:21:41 INFO TaskSetManager: Finished task 0.0 in stage 6.0 (TID 12) in 101 ms on localhost (2/2)
19/10/29 20:21:41 INFO TaskSchedulerImpl: Removed TaskSet 6.0, whose tasks have all completed, from pool 
19/10/29 20:21:41 INFO DAGScheduler: ShuffleMapStage 6 (map at Partition.scala:49) finished in 0.100 s
19/10/29 20:21:41 INFO DAGScheduler: looking for newly runnable stages
19/10/29 20:21:41 INFO DAGScheduler: running: Set()
19/10/29 20:21:41 INFO DAGScheduler: waiting: Set(ResultStage 7)
19/10/29 20:21:41 INFO DAGScheduler: failed: Set()
19/10/29 20:21:41 INFO DAGScheduler: Missing parents for ResultStage 7: List()
19/10/29 20:21:41 INFO DAGScheduler: Submitting ResultStage 7 (ShuffledRDD[22] at reduceByKey at Partition.scala:50), which is now runnable
19/10/29 20:21:41 INFO MemoryStore: ensureFreeSpace(2280) called with curMem=196844, maxMem=555755765
19/10/29 20:21:41 INFO MemoryStore: Block broadcast_8 stored as values in memory (estimated size 2.2 KB, free 529.8 MB)
19/10/29 20:21:41 INFO MemoryStore: ensureFreeSpace(1369) called with curMem=199124, maxMem=555755765
19/10/29 20:21:41 INFO MemoryStore: Block broadcast_8_piece0 stored as bytes in memory (estimated size 1369.0 B, free 529.8 MB)
19/10/29 20:21:41 INFO BlockManagerInfo: Added broadcast_8_piece0 in memory on localhost:35131 (size: 1369.0 B, free: 530.0 MB)
19/10/29 20:21:41 INFO SparkContext: Created broadcast 8 from broadcast at DAGScheduler.scala:861
19/10/29 20:21:41 INFO DAGScheduler: Submitting 2 missing tasks from ResultStage 7 (ShuffledRDD[22] at reduceByKey at Partition.scala:50)
19/10/29 20:21:41 INFO TaskSchedulerImpl: Adding task set 7.0 with 2 tasks
19/10/29 20:21:41 INFO TaskSetManager: Starting task 0.0 in stage 7.0 (TID 14, localhost, PROCESS_LOCAL, 1957 bytes)
19/10/29 20:21:41 INFO TaskSetManager: Starting task 1.0 in stage 7.0 (TID 15, localhost, PROCESS_LOCAL, 1957 bytes)
19/10/29 20:21:41 INFO Executor: Running task 1.0 in stage 7.0 (TID 15)
19/10/29 20:21:41 INFO Executor: Running task 0.0 in stage 7.0 (TID 14)
19/10/29 20:21:41 INFO ShuffleBlockFetcherIterator: Getting 2 non-empty blocks out of 2 blocks
19/10/29 20:21:41 INFO ShuffleBlockFetcherIterator: Started 0 remote fetches in 0 ms
19/10/29 20:21:41 INFO ShuffleBlockFetcherIterator: Getting 2 non-empty blocks out of 2 blocks
19/10/29 20:21:41 INFO ShuffleBlockFetcherIterator: Started 0 remote fetches in 0 ms
19/10/29 20:21:41 INFO Executor: Finished task 1.0 in stage 7.0 (TID 15). 1507 bytes result sent to driver
19/10/29 20:21:41 INFO Executor: Finished task 0.0 in stage 7.0 (TID 14). 1447 bytes result sent to driver
19/10/29 20:21:41 INFO TaskSetManager: Finished task 1.0 in stage 7.0 (TID 15) in 5 ms on localhost (1/2)
19/10/29 20:21:41 INFO TaskSetManager: Finished task 0.0 in stage 7.0 (TID 14) in 13 ms on localhost (2/2)
19/10/29 20:21:41 INFO TaskSchedulerImpl: Removed TaskSet 7.0, whose tasks have all completed, from pool 
19/10/29 20:21:41 INFO DAGScheduler: ResultStage 7 (collect at Partition.scala:50) finished in 0.017 s
19/10/29 20:21:41 INFO DAGScheduler: Job 0 finished: collect at Partition.scala:50, took 1.228386 s
(100,12)
(112,18)
(90,7)
(88,3)
(101,1)
(105,4)
(125,5)
(75,9)
(67,2)
(69,3)
19/10/29 20:21:41 INFO SparkContext: Invoking stop() from shutdown hook
19/10/29 20:21:41 INFO SparkUI: Stopped Spark web UI at http://198.202.112.15:4040
19/10/29 20:21:41 INFO DAGScheduler: Stopping DAGScheduler
19/10/29 20:21:41 INFO MapOutputTrackerMasterEndpoint: MapOutputTrackerMasterEndpoint stopped!
19/10/29 20:21:41 INFO MemoryStore: MemoryStore cleared
19/10/29 20:21:41 INFO BlockManager: BlockManager stopped
19/10/29 20:21:41 INFO BlockManagerMaster: BlockManagerMaster stopped
19/10/29 20:21:41 INFO SparkContext: Successfully stopped SparkContext
19/10/29 20:21:41 INFO OutputCommitCoordinator$OutputCommitCoordinatorEndpoint: OutputCommitCoordinator stopped!
19/10/29 20:21:41 INFO ShutdownHookManager: Shutdown hook called
19/10/29 20:21:41 INFO ShutdownHookManager: Deleting directory /tmp/spark-5351440a-9303-4e02-8dae-7979f45248d9
