myHadoop: Setting MH_IPOIB_TRANSFORM='s/\([^.]*\).*$/\1.ibnet/' from myhadoop.conf
myHadoop: Setting MH_SCRATCH_DIR=/scratch/$USER/$SLURM_JOBID from myhadoop.conf
myHadoop: Using HADOOP_HOME=/opt/hadoop/2.6.0
myHadoop: Using MH_SCRATCH_DIR=/scratch/exd7159/27706562
myHadoop: Using JAVA_HOME=/usr/java/latest
myHadoop: Generating Hadoop configuration in directory in /home/exd7159/cometcluster...
myHadoop: Backing up old config dir to /home/exd7159/cometcluster.3...
`/home/exd7159/cometcluster' -> `/home/exd7159/cometcluster.3'
myHadoop: Designating comet-10-20.ibnet as master node (namenode, secondary namenode, and jobtracker)
myHadoop: The following nodes will be slaves (datanode, tasktracer):
comet-10-20.ibnet
comet-25-42.ibnet
comet-27-61.ibnet
19/10/29 20:24:36 INFO namenode.NameNode: STARTUP_MSG: 
/************************************************************
STARTUP_MSG: Starting NameNode
STARTUP_MSG:   host = comet-10-20.sdsc.edu/198.202.118.163
STARTUP_MSG:   args = [-format]
STARTUP_MSG:   version = 2.6.0
STARTUP_MSG:   classpath = /home/exd7159/cometcluster:/opt/hadoop/2.6.0/share/hadoop/common/lib/jetty-6.1.26.jar:/opt/hadoop/2.6.0/share/hadoop/common/lib/mockito-all-1.8.5.jar:/opt/hadoop/2.6.0/share/hadoop/common/lib/jersey-json-1.9.jar:/opt/hadoop/2.6.0/share/hadoop/common/lib/commons-net-3.1.jar:/opt/hadoop/2.6.0/share/hadoop/common/lib/activation-1.1.jar:/opt/hadoop/2.6.0/share/hadoop/common/lib/commons-cli-1.2.jar:/opt/hadoop/2.6.0/share/hadoop/common/lib/jets3t-0.9.0.jar:/opt/hadoop/2.6.0/share/hadoop/common/lib/commons-el-1.0.jar:/opt/hadoop/2.6.0/share/hadoop/common/lib/commons-beanutils-1.7.0.jar:/opt/hadoop/2.6.0/share/hadoop/common/lib/junit-4.11.jar:/opt/hadoop/2.6.0/share/hadoop/common/lib/log4j-1.2.17.jar:/opt/hadoop/2.6.0/share/hadoop/common/lib/jsch-0.1.42.jar:/opt/hadoop/2.6.0/share/hadoop/common/lib/curator-recipes-2.6.0.jar:/opt/hadoop/2.6.0/share/hadoop/common/lib/commons-compress-1.4.1.jar:/opt/hadoop/2.6.0/share/hadoop/common/lib/protobuf-java-2.5.0.jar:/opt/hadoop/2.6.0/share/hadoop/common/lib/jettison-1.1.jar:/opt/hadoop/2.6.0/share/hadoop/common/lib/jackson-mapper-asl-1.9.13.jar:/opt/hadoop/2.6.0/share/hadoop/common/lib/commons-logging-1.1.3.jar:/opt/hadoop/2.6.0/share/hadoop/common/lib/api-asn1-api-1.0.0-M20.jar:/opt/hadoop/2.6.0/share/hadoop/common/lib/stax-api-1.0-2.jar:/opt/hadoop/2.6.0/share/hadoop/common/lib/java-xmlbuilder-0.4.jar:/opt/hadoop/2.6.0/share/hadoop/common/lib/jackson-xc-1.9.13.jar:/opt/hadoop/2.6.0/share/hadoop/common/lib/jackson-jaxrs-1.9.13.jar:/opt/hadoop/2.6.0/share/hadoop/common/lib/snappy-java-1.0.4.1.jar:/opt/hadoop/2.6.0/share/hadoop/common/lib/apacheds-i18n-2.0.0-M15.jar:/opt/hadoop/2.6.0/share/hadoop/common/lib/jsr305-1.3.9.jar:/opt/hadoop/2.6.0/share/hadoop/common/lib/commons-httpclient-3.1.jar:/opt/hadoop/2.6.0/share/hadoop/common/lib/guava-11.0.2.jar:/opt/hadoop/2.6.0/share/hadoop/common/lib/jaxb-api-2.2.2.jar:/opt/hadoop/2.6.0/share/hadoop/common/lib/commons-collections-3.2.1.jar:/opt/hadoop/2.6.0/share/hadoop/common/lib/avro-1.7.4.jar:/opt/hadoop/2.6.0/share/hadoop/common/lib/httpcore-4.2.5.jar:/opt/hadoop/2.6.0/share/hadoop/common/lib/htrace-core-3.0.4.jar:/opt/hadoop/2.6.0/share/hadoop/common/lib/commons-io-2.4.jar:/opt/hadoop/2.6.0/share/hadoop/common/lib/jersey-server-1.9.jar:/opt/hadoop/2.6.0/share/hadoop/common/lib/xmlenc-0.52.jar:/opt/hadoop/2.6.0/share/hadoop/common/lib/httpclient-4.2.5.jar:/opt/hadoop/2.6.0/share/hadoop/common/lib/jasper-runtime-5.5.23.jar:/opt/hadoop/2.6.0/share/hadoop/common/lib/servlet-api-2.5.jar:/opt/hadoop/2.6.0/share/hadoop/common/lib/commons-digester-1.8.jar:/opt/hadoop/2.6.0/share/hadoop/common/lib/jersey-core-1.9.jar:/opt/hadoop/2.6.0/share/hadoop/common/lib/jetty-util-6.1.26.jar:/opt/hadoop/2.6.0/share/hadoop/common/lib/jsp-api-2.1.jar:/opt/hadoop/2.6.0/share/hadoop/common/lib/paranamer-2.3.jar:/opt/hadoop/2.6.0/share/hadoop/common/lib/asm-3.2.jar:/opt/hadoop/2.6.0/share/hadoop/common/lib/hamcrest-core-1.3.jar:/opt/hadoop/2.6.0/share/hadoop/common/lib/netty-3.6.2.Final.jar:/opt/hadoop/2.6.0/share/hadoop/common/lib/commons-math3-3.1.1.jar:/opt/hadoop/2.6.0/share/hadoop/common/lib/curator-client-2.6.0.jar:/opt/hadoop/2.6.0/share/hadoop/common/lib/commons-beanutils-core-1.8.0.jar:/opt/hadoop/2.6.0/share/hadoop/common/lib/slf4j-api-1.7.5.jar:/opt/hadoop/2.6.0/share/hadoop/common/lib/commons-configuration-1.6.jar:/opt/hadoop/2.6.0/share/hadoop/common/lib/jackson-core-asl-1.9.13.jar:/opt/hadoop/2.6.0/share/hadoop/common/lib/slf4j-log4j12-1.7.5.jar:/opt/hadoop/2.6.0/share/hadoop/common/lib/api-util-1.0.0-M20.jar:/opt/hadoop/2.6.0/share/hadoop/common/lib/commons-codec-1.4.jar:/opt/hadoop/2.6.0/share/hadoop/common/lib/hadoop-annotations-2.6.0.jar:/opt/hadoop/2.6.0/share/hadoop/common/lib/curator-framework-2.6.0.jar:/opt/hadoop/2.6.0/share/hadoop/common/lib/xz-1.0.jar:/opt/hadoop/2.6.0/share/hadoop/common/lib/zookeeper-3.4.6.jar:/opt/hadoop/2.6.0/share/hadoop/common/lib/apacheds-kerberos-codec-2.0.0-M15.jar:/opt/hadoop/2.6.0/share/hadoop/common/lib/hadoop-auth-2.6.0.jar:/opt/hadoop/2.6.0/share/hadoop/common/lib/gson-2.2.4.jar:/opt/hadoop/2.6.0/share/hadoop/common/lib/jaxb-impl-2.2.3-1.jar:/opt/hadoop/2.6.0/share/hadoop/common/lib/jasper-compiler-5.5.23.jar:/opt/hadoop/2.6.0/share/hadoop/common/lib/commons-lang-2.6.jar:/opt/hadoop/2.6.0/share/hadoop/common/hadoop-nfs-2.6.0.jar:/opt/hadoop/2.6.0/share/hadoop/common/hadoop-common-2.6.0-tests.jar:/opt/hadoop/2.6.0/share/hadoop/common/hadoop-common-2.6.0.jar:/opt/hadoop/2.6.0/share/hadoop/hdfs:/opt/hadoop/2.6.0/share/hadoop/hdfs/lib/jetty-6.1.26.jar:/opt/hadoop/2.6.0/share/hadoop/hdfs/lib/commons-cli-1.2.jar:/opt/hadoop/2.6.0/share/hadoop/hdfs/lib/commons-el-1.0.jar:/opt/hadoop/2.6.0/share/hadoop/hdfs/lib/log4j-1.2.17.jar:/opt/hadoop/2.6.0/share/hadoop/hdfs/lib/protobuf-java-2.5.0.jar:/opt/hadoop/2.6.0/share/hadoop/hdfs/lib/jackson-mapper-asl-1.9.13.jar:/opt/hadoop/2.6.0/share/hadoop/hdfs/lib/commons-logging-1.1.3.jar:/opt/hadoop/2.6.0/share/hadoop/hdfs/lib/jsr305-1.3.9.jar:/opt/hadoop/2.6.0/share/hadoop/hdfs/lib/guava-11.0.2.jar:/opt/hadoop/2.6.0/share/hadoop/hdfs/lib/commons-daemon-1.0.13.jar:/opt/hadoop/2.6.0/share/hadoop/hdfs/lib/htrace-core-3.0.4.jar:/opt/hadoop/2.6.0/share/hadoop/hdfs/lib/commons-io-2.4.jar:/opt/hadoop/2.6.0/share/hadoop/hdfs/lib/jersey-server-1.9.jar:/opt/hadoop/2.6.0/share/hadoop/hdfs/lib/xmlenc-0.52.jar:/opt/hadoop/2.6.0/share/hadoop/hdfs/lib/jasper-runtime-5.5.23.jar:/opt/hadoop/2.6.0/share/hadoop/hdfs/lib/servlet-api-2.5.jar:/opt/hadoop/2.6.0/share/hadoop/hdfs/lib/jersey-core-1.9.jar:/opt/hadoop/2.6.0/share/hadoop/hdfs/lib/jetty-util-6.1.26.jar:/opt/hadoop/2.6.0/share/hadoop/hdfs/lib/jsp-api-2.1.jar:/opt/hadoop/2.6.0/share/hadoop/hdfs/lib/asm-3.2.jar:/opt/hadoop/2.6.0/share/hadoop/hdfs/lib/netty-3.6.2.Final.jar:/opt/hadoop/2.6.0/share/hadoop/hdfs/lib/xercesImpl-2.9.1.jar:/opt/hadoop/2.6.0/share/hadoop/hdfs/lib/jackson-core-asl-1.9.13.jar:/opt/hadoop/2.6.0/share/hadoop/hdfs/lib/commons-codec-1.4.jar:/opt/hadoop/2.6.0/share/hadoop/hdfs/lib/xml-apis-1.3.04.jar:/opt/hadoop/2.6.0/share/hadoop/hdfs/lib/commons-lang-2.6.jar:/opt/hadoop/2.6.0/share/hadoop/hdfs/hadoop-hdfs-2.6.0-tests.jar:/opt/hadoop/2.6.0/share/hadoop/hdfs/hadoop-hdfs-2.6.0.jar:/opt/hadoop/2.6.0/share/hadoop/hdfs/hadoop-hdfs-nfs-2.6.0.jar:/opt/hadoop/2.6.0/share/hadoop/yarn/lib/jetty-6.1.26.jar:/opt/hadoop/2.6.0/share/hadoop/yarn/lib/jersey-json-1.9.jar:/opt/hadoop/2.6.0/share/hadoop/yarn/lib/activation-1.1.jar:/opt/hadoop/2.6.0/share/hadoop/yarn/lib/commons-cli-1.2.jar:/opt/hadoop/2.6.0/share/hadoop/yarn/lib/jline-0.9.94.jar:/opt/hadoop/2.6.0/share/hadoop/yarn/lib/log4j-1.2.17.jar:/opt/hadoop/2.6.0/share/hadoop/yarn/lib/commons-compress-1.4.1.jar:/opt/hadoop/2.6.0/share/hadoop/yarn/lib/protobuf-java-2.5.0.jar:/opt/hadoop/2.6.0/share/hadoop/yarn/lib/jettison-1.1.jar:/opt/hadoop/2.6.0/share/hadoop/yarn/lib/jackson-mapper-asl-1.9.13.jar:/opt/hadoop/2.6.0/share/hadoop/yarn/lib/commons-logging-1.1.3.jar:/opt/hadoop/2.6.0/share/hadoop/yarn/lib/stax-api-1.0-2.jar:/opt/hadoop/2.6.0/share/hadoop/yarn/lib/jackson-xc-1.9.13.jar:/opt/hadoop/2.6.0/share/hadoop/yarn/lib/jackson-jaxrs-1.9.13.jar:/opt/hadoop/2.6.0/share/hadoop/yarn/lib/guice-3.0.jar:/opt/hadoop/2.6.0/share/hadoop/yarn/lib/javax.inject-1.jar:/opt/hadoop/2.6.0/share/hadoop/yarn/lib/jsr305-1.3.9.jar:/opt/hadoop/2.6.0/share/hadoop/yarn/lib/commons-httpclient-3.1.jar:/opt/hadoop/2.6.0/share/hadoop/yarn/lib/guava-11.0.2.jar:/opt/hadoop/2.6.0/share/hadoop/yarn/lib/jaxb-api-2.2.2.jar:/opt/hadoop/2.6.0/share/hadoop/yarn/lib/commons-collections-3.2.1.jar:/opt/hadoop/2.6.0/share/hadoop/yarn/lib/guice-servlet-3.0.jar:/opt/hadoop/2.6.0/share/hadoop/yarn/lib/commons-io-2.4.jar:/opt/hadoop/2.6.0/share/hadoop/yarn/lib/jersey-server-1.9.jar:/opt/hadoop/2.6.0/share/hadoop/yarn/lib/servlet-api-2.5.jar:/opt/hadoop/2.6.0/share/hadoop/yarn/lib/jersey-core-1.9.jar:/opt/hadoop/2.6.0/share/hadoop/yarn/lib/jetty-util-6.1.26.jar:/opt/hadoop/2.6.0/share/hadoop/yarn/lib/jersey-client-1.9.jar:/opt/hadoop/2.6.0/share/hadoop/yarn/lib/asm-3.2.jar:/opt/hadoop/2.6.0/share/hadoop/yarn/lib/netty-3.6.2.Final.jar:/opt/hadoop/2.6.0/share/hadoop/yarn/lib/aopalliance-1.0.jar:/opt/hadoop/2.6.0/share/hadoop/yarn/lib/jackson-core-asl-1.9.13.jar:/opt/hadoop/2.6.0/share/hadoop/yarn/lib/commons-codec-1.4.jar:/opt/hadoop/2.6.0/share/hadoop/yarn/lib/xz-1.0.jar:/opt/hadoop/2.6.0/share/hadoop/yarn/lib/zookeeper-3.4.6.jar:/opt/hadoop/2.6.0/share/hadoop/yarn/lib/leveldbjni-all-1.8.jar:/opt/hadoop/2.6.0/share/hadoop/yarn/lib/jaxb-impl-2.2.3-1.jar:/opt/hadoop/2.6.0/share/hadoop/yarn/lib/jersey-guice-1.9.jar:/opt/hadoop/2.6.0/share/hadoop/yarn/lib/commons-lang-2.6.jar:/opt/hadoop/2.6.0/share/hadoop/yarn/hadoop-yarn-server-web-proxy-2.6.0.jar:/opt/hadoop/2.6.0/share/hadoop/yarn/hadoop-yarn-client-2.6.0.jar:/opt/hadoop/2.6.0/share/hadoop/yarn/hadoop-yarn-server-common-2.6.0.jar:/opt/hadoop/2.6.0/share/hadoop/yarn/hadoop-yarn-registry-2.6.0.jar:/opt/hadoop/2.6.0/share/hadoop/yarn/hadoop-yarn-server-tests-2.6.0.jar:/opt/hadoop/2.6.0/share/hadoop/yarn/hadoop-yarn-applications-distributedshell-2.6.0.jar:/opt/hadoop/2.6.0/share/hadoop/yarn/hadoop-yarn-common-2.6.0.jar:/opt/hadoop/2.6.0/share/hadoop/yarn/hadoop-yarn-applications-unmanaged-am-launcher-2.6.0.jar:/opt/hadoop/2.6.0/share/hadoop/yarn/hadoop-yarn-server-nodemanager-2.6.0.jar:/opt/hadoop/2.6.0/share/hadoop/yarn/hadoop-yarn-api-2.6.0.jar:/opt/hadoop/2.6.0/share/hadoop/yarn/hadoop-yarn-server-resourcemanager-2.6.0.jar:/opt/hadoop/2.6.0/share/hadoop/yarn/hadoop-yarn-server-applicationhistoryservice-2.6.0.jar:/opt/hadoop/2.6.0/share/hadoop/mapreduce/lib/junit-4.11.jar:/opt/hadoop/2.6.0/share/hadoop/mapreduce/lib/log4j-1.2.17.jar:/opt/hadoop/2.6.0/share/hadoop/mapreduce/lib/commons-compress-1.4.1.jar:/opt/hadoop/2.6.0/share/hadoop/mapreduce/lib/protobuf-java-2.5.0.jar:/opt/hadoop/2.6.0/share/hadoop/mapreduce/lib/jackson-mapper-asl-1.9.13.jar:/opt/hadoop/2.6.0/share/hadoop/mapreduce/lib/guice-3.0.jar:/opt/hadoop/2.6.0/share/hadoop/mapreduce/lib/snappy-java-1.0.4.1.jar:/opt/hadoop/2.6.0/share/hadoop/mapreduce/lib/javax.inject-1.jar:/opt/hadoop/2.6.0/share/hadoop/mapreduce/lib/avro-1.7.4.jar:/opt/hadoop/2.6.0/share/hadoop/mapreduce/lib/guice-servlet-3.0.jar:/opt/hadoop/2.6.0/share/hadoop/mapreduce/lib/commons-io-2.4.jar:/opt/hadoop/2.6.0/share/hadoop/mapreduce/lib/jersey-server-1.9.jar:/opt/hadoop/2.6.0/share/hadoop/mapreduce/lib/jersey-core-1.9.jar:/opt/hadoop/2.6.0/share/hadoop/mapreduce/lib/paranamer-2.3.jar:/opt/hadoop/2.6.0/share/hadoop/mapreduce/lib/asm-3.2.jar:/opt/hadoop/2.6.0/share/hadoop/mapreduce/lib/hamcrest-core-1.3.jar:/opt/hadoop/2.6.0/share/hadoop/mapreduce/lib/netty-3.6.2.Final.jar:/opt/hadoop/2.6.0/share/hadoop/mapreduce/lib/aopalliance-1.0.jar:/opt/hadoop/2.6.0/share/hadoop/mapreduce/lib/jackson-core-asl-1.9.13.jar:/opt/hadoop/2.6.0/share/hadoop/mapreduce/lib/hadoop-annotations-2.6.0.jar:/opt/hadoop/2.6.0/share/hadoop/mapreduce/lib/xz-1.0.jar:/opt/hadoop/2.6.0/share/hadoop/mapreduce/lib/leveldbjni-all-1.8.jar:/opt/hadoop/2.6.0/share/hadoop/mapreduce/lib/jersey-guice-1.9.jar:/opt/hadoop/2.6.0/share/hadoop/mapreduce/hadoop-mapreduce-examples-2.6.0.jar:/opt/hadoop/2.6.0/share/hadoop/mapreduce/hadoop-mapreduce-client-app-2.6.0.jar:/opt/hadoop/2.6.0/share/hadoop/mapreduce/hadoop-mapreduce-client-common-2.6.0.jar:/opt/hadoop/2.6.0/share/hadoop/mapreduce/hadoop-mapreduce-client-core-2.6.0.jar:/opt/hadoop/2.6.0/share/hadoop/mapreduce/hadoop-mapreduce-client-hs-plugins-2.6.0.jar:/opt/hadoop/2.6.0/share/hadoop/mapreduce/hadoop-mapreduce-client-hs-2.6.0.jar:/opt/hadoop/2.6.0/share/hadoop/mapreduce/hadoop-mapreduce-client-jobclient-2.6.0.jar:/opt/hadoop/2.6.0/share/hadoop/mapreduce/hadoop-mapreduce-client-shuffle-2.6.0.jar:/opt/hadoop/2.6.0/share/hadoop/mapreduce/hadoop-mapreduce-client-jobclient-2.6.0-tests.jar:/opt/hadoop/2.6.0/contrib/capacity-scheduler/*.jar
STARTUP_MSG:   build = https://git-wip-us.apache.org/repos/asf/hadoop.git -r e3496499ecb8d220fba99dc5ed4c99c8f9e33bb1; compiled by 'jenkins' on 2014-11-13T21:10Z
STARTUP_MSG:   java = 1.8.0_60
************************************************************/
19/10/29 20:24:36 INFO namenode.NameNode: registered UNIX signal handlers for [TERM, HUP, INT]
19/10/29 20:24:36 INFO namenode.NameNode: createNameNode [-format]
19/10/29 20:24:37 WARN util.NativeCodeLoader: Unable to load native-hadoop library for your platform... using builtin-java classes where applicable
19/10/29 20:24:37 WARN common.Util: Path /scratch/exd7159/27706562/namenode_data should be specified as a URI in configuration files. Please update hdfs configuration.
19/10/29 20:24:37 WARN common.Util: Path /scratch/exd7159/27706562/namenode_data should be specified as a URI in configuration files. Please update hdfs configuration.
Formatting using clusterid: CID-f8c0b23d-28ab-43ec-8173-b6bb8d8fdd4d
19/10/29 20:24:37 INFO namenode.FSNamesystem: No KeyProvider found.
19/10/29 20:24:37 INFO namenode.FSNamesystem: fsLock is fair:true
19/10/29 20:24:37 INFO blockmanagement.DatanodeManager: dfs.block.invalidate.limit=1000
19/10/29 20:24:37 INFO blockmanagement.DatanodeManager: dfs.namenode.datanode.registration.ip-hostname-check=true
19/10/29 20:24:37 INFO blockmanagement.BlockManager: dfs.namenode.startup.delay.block.deletion.sec is set to 000:00:00:00.000
19/10/29 20:24:37 INFO blockmanagement.BlockManager: The block deletion will start around 2019 Oct 29 20:24:37
19/10/29 20:24:37 INFO util.GSet: Computing capacity for map BlocksMap
19/10/29 20:24:37 INFO util.GSet: VM type       = 64-bit
19/10/29 20:24:37 INFO util.GSet: 2.0% max memory 958.5 MB = 19.2 MB
19/10/29 20:24:37 INFO util.GSet: capacity      = 2^21 = 2097152 entries
19/10/29 20:24:37 INFO blockmanagement.BlockManager: dfs.block.access.token.enable=false
19/10/29 20:24:37 INFO blockmanagement.BlockManager: defaultReplication         = 3
19/10/29 20:24:37 INFO blockmanagement.BlockManager: maxReplication             = 512
19/10/29 20:24:37 INFO blockmanagement.BlockManager: minReplication             = 1
19/10/29 20:24:37 INFO blockmanagement.BlockManager: maxReplicationStreams      = 2
19/10/29 20:24:37 INFO blockmanagement.BlockManager: shouldCheckForEnoughRacks  = false
19/10/29 20:24:37 INFO blockmanagement.BlockManager: replicationRecheckInterval = 3000
19/10/29 20:24:37 INFO blockmanagement.BlockManager: encryptDataTransfer        = false
19/10/29 20:24:37 INFO blockmanagement.BlockManager: maxNumBlocksToLog          = 1000
19/10/29 20:24:37 INFO namenode.FSNamesystem: fsOwner             = exd7159 (auth:SIMPLE)
19/10/29 20:24:37 INFO namenode.FSNamesystem: supergroup          = supergroup
19/10/29 20:24:37 INFO namenode.FSNamesystem: isPermissionEnabled = true
19/10/29 20:24:37 INFO namenode.FSNamesystem: HA Enabled: false
19/10/29 20:24:37 INFO namenode.FSNamesystem: Append Enabled: true
19/10/29 20:24:39 INFO util.GSet: Computing capacity for map INodeMap
19/10/29 20:24:39 INFO util.GSet: VM type       = 64-bit
19/10/29 20:24:39 INFO util.GSet: 1.0% max memory 958.5 MB = 9.6 MB
19/10/29 20:24:39 INFO util.GSet: capacity      = 2^20 = 1048576 entries
19/10/29 20:24:39 INFO namenode.NameNode: Caching file names occuring more than 10 times
19/10/29 20:24:39 INFO util.GSet: Computing capacity for map cachedBlocks
19/10/29 20:24:39 INFO util.GSet: VM type       = 64-bit
19/10/29 20:24:39 INFO util.GSet: 0.25% max memory 958.5 MB = 2.4 MB
19/10/29 20:24:39 INFO util.GSet: capacity      = 2^18 = 262144 entries
19/10/29 20:24:39 INFO namenode.FSNamesystem: dfs.namenode.safemode.threshold-pct = 0.9990000128746033
19/10/29 20:24:39 INFO namenode.FSNamesystem: dfs.namenode.safemode.min.datanodes = 0
19/10/29 20:24:39 INFO namenode.FSNamesystem: dfs.namenode.safemode.extension     = 30000
19/10/29 20:24:39 INFO namenode.FSNamesystem: Retry cache on namenode is enabled
19/10/29 20:24:39 INFO namenode.FSNamesystem: Retry cache will use 0.03 of total heap and retry cache entry expiry time is 600000 millis
19/10/29 20:24:39 INFO util.GSet: Computing capacity for map NameNodeRetryCache
19/10/29 20:24:39 INFO util.GSet: VM type       = 64-bit
19/10/29 20:24:39 INFO util.GSet: 0.029999999329447746% max memory 958.5 MB = 294.5 KB
19/10/29 20:24:39 INFO util.GSet: capacity      = 2^15 = 32768 entries
19/10/29 20:24:39 INFO namenode.NNConf: ACLs enabled? false
19/10/29 20:24:39 INFO namenode.NNConf: XAttrs enabled? true
19/10/29 20:24:39 INFO namenode.NNConf: Maximum size of an xattr: 16384
19/10/29 20:24:39 INFO namenode.FSImage: Allocated new BlockPoolId: BP-1268762769-198.202.118.163-1572405879395
19/10/29 20:24:39 INFO common.Storage: Storage directory /scratch/exd7159/27706562/namenode_data has been successfully formatted.
19/10/29 20:24:39 INFO namenode.NNStorageRetentionManager: Going to retain 1 images with txid >= 0
19/10/29 20:24:39 INFO util.ExitUtil: Exiting with status 0
19/10/29 20:24:39 INFO namenode.NameNode: SHUTDOWN_MSG: 
/************************************************************
SHUTDOWN_MSG: Shutting down NameNode at comet-10-20.sdsc.edu/198.202.118.163
************************************************************/
myHadoop:  
myHadoop: Enabling experimental Spark support
myHadoop: Using SPARK_CONF_DIR=/home/exd7159/cometcluster/spark
myHadoop:  
To use Spark, you will want to type the following commands:"
  source /home/exd7159/cometcluster/spark/spark-env.sh
  myspark start
19/10/29 20:24:40 WARN util.NativeCodeLoader: Unable to load native-hadoop library for your platform... using builtin-java classes where applicable
Starting namenodes on [comet-10-20.ibnet]
comet-10-20.ibnet: starting namenode, logging to /scratch/exd7159/27706562/logs/hadoop-exd7159-namenode-comet-10-20.sdsc.edu.out
comet-10-20.ibnet: starting datanode, logging to /scratch/exd7159/27706562/logs/hadoop-exd7159-datanode-comet-10-20.sdsc.edu.out
comet-25-42.ibnet: starting datanode, logging to /scratch/exd7159/27706562/logs/hadoop-exd7159-datanode-comet-25-42.sdsc.edu.out
comet-27-61.ibnet: starting datanode, logging to /scratch/exd7159/27706562/logs/hadoop-exd7159-datanode-comet-27-61.sdsc.edu.out
Starting secondary namenodes [comet-10-20.ibnet]
comet-10-20.ibnet: starting secondarynamenode, logging to /scratch/exd7159/27706562/logs/hadoop-exd7159-secondarynamenode-comet-10-20.sdsc.edu.out
19/10/29 20:24:55 WARN util.NativeCodeLoader: Unable to load native-hadoop library for your platform... using builtin-java classes where applicable
starting yarn daemons
starting resourcemanager, logging to /scratch/exd7159/27706562/logs/yarn-exd7159-resourcemanager-comet-10-20.out
comet-25-42.ibnet: starting nodemanager, logging to /scratch/exd7159/27706562/logs/yarn-exd7159-nodemanager-comet-25-42.sdsc.edu.out
comet-10-20.ibnet: starting nodemanager, logging to /scratch/exd7159/27706562/logs/yarn-exd7159-nodemanager-comet-10-20.sdsc.edu.out
comet-27-61.ibnet: starting nodemanager, logging to /scratch/exd7159/27706562/logs/yarn-exd7159-nodemanager-comet-27-61.sdsc.edu.out
mySpark: Using /home/exd7159/cometcluster/spark/slaves as our slaves file
mySpark: Reading in /home/exd7159/cometcluster/spark/spark-env.sh as our slaves file
starting org.apache.spark.deploy.master.Master, logging to /scratch/exd7159/27706562/logs/spark-exd7159-org.apache.spark.deploy.master.Master-1-comet-10-20.out
mySpark: Starting worker on comet-10-20.ibnet:
  /opt/spark/1.5.2/sbin/spark-daemon.sh --config /home/exd7159/cometcluster/spark start org.apache.spark.deploy.worker.Worker 1 spark://comet-10-20.ibnet:7077
starting org.apache.spark.deploy.worker.Worker, logging to /scratch/exd7159/27706562/logs/spark-exd7159-org.apache.spark.deploy.worker.Worker-1-comet-10-20.sdsc.edu.out
mySpark: Starting worker on comet-25-42.ibnet:
  /opt/spark/1.5.2/sbin/spark-daemon.sh --config /home/exd7159/cometcluster/spark start org.apache.spark.deploy.worker.Worker 1 spark://comet-10-20.ibnet:7077
starting org.apache.spark.deploy.worker.Worker, logging to /scratch/exd7159/27706562/logs/spark-exd7159-org.apache.spark.deploy.worker.Worker-1-comet-25-42.sdsc.edu.out
mySpark: Starting worker on comet-27-61.ibnet:
  /opt/spark/1.5.2/sbin/spark-daemon.sh --config /home/exd7159/cometcluster/spark start org.apache.spark.deploy.worker.Worker 1 spark://comet-10-20.ibnet:7077
starting org.apache.spark.deploy.worker.Worker, logging to /scratch/exd7159/27706562/logs/spark-exd7159-org.apache.spark.deploy.worker.Worker-1-comet-27-61.sdsc.edu.out
19/10/29 20:25:07 WARN util.NativeCodeLoader: Unable to load native-hadoop library for your platform... using builtin-java classes where applicable
19/10/29 20:25:08 WARN util.NativeCodeLoader: Unable to load native-hadoop library for your platform... using builtin-java classes where applicable
19/10/29 20:25:10 INFO spark.SparkContext: Running Spark version 1.5.2
19/10/29 20:25:11 WARN util.NativeCodeLoader: Unable to load native-hadoop library for your platform... using builtin-java classes where applicable
19/10/29 20:25:11 INFO spark.SecurityManager: Changing view acls to: exd7159
19/10/29 20:25:11 INFO spark.SecurityManager: Changing modify acls to: exd7159
19/10/29 20:25:11 INFO spark.SecurityManager: SecurityManager: authentication disabled; ui acls disabled; users with view permissions: Set(exd7159); users with modify permissions: Set(exd7159)
19/10/29 20:25:11 INFO slf4j.Slf4jLogger: Slf4jLogger started
19/10/29 20:25:11 INFO Remoting: Starting remoting
19/10/29 20:25:11 INFO Remoting: Remoting started; listening on addresses :[akka.tcp://sparkDriver@10.22.253.171:37132]
19/10/29 20:25:11 INFO util.Utils: Successfully started service 'sparkDriver' on port 37132.
19/10/29 20:25:11 INFO spark.SparkEnv: Registering MapOutputTracker
19/10/29 20:25:11 INFO spark.SparkEnv: Registering BlockManagerMaster
19/10/29 20:25:11 INFO storage.DiskBlockManager: Created local directory at /tmp/blockmgr-aca0a694-8998-4079-9c4e-d92b7341afc5
19/10/29 20:25:11 INFO storage.MemoryStore: MemoryStore started with capacity 530.0 MB
19/10/29 20:25:11 INFO spark.HttpFileServer: HTTP File server directory is /tmp/spark-ea94a4d8-88fb-481e-9b44-3c9814580edd/httpd-cafda7df-b5bf-4cea-8a91-58884c6e2eb7
19/10/29 20:25:11 INFO spark.HttpServer: Starting HTTP Server
19/10/29 20:25:11 INFO server.Server: jetty-8.y.z-SNAPSHOT
19/10/29 20:25:11 INFO server.AbstractConnector: Started SocketConnector@0.0.0.0:40386
19/10/29 20:25:11 INFO util.Utils: Successfully started service 'HTTP file server' on port 40386.
19/10/29 20:25:11 INFO spark.SparkEnv: Registering OutputCommitCoordinator
19/10/29 20:25:12 INFO server.Server: jetty-8.y.z-SNAPSHOT
19/10/29 20:25:12 INFO server.AbstractConnector: Started SelectChannelConnector@0.0.0.0:4040
19/10/29 20:25:12 INFO util.Utils: Successfully started service 'SparkUI' on port 4040.
19/10/29 20:25:12 INFO ui.SparkUI: Started SparkUI at http://10.22.253.171:4040
19/10/29 20:25:12 INFO spark.SparkContext: Added JAR file:/home/exd7159/project5/partition.jar at http://10.22.253.171:40386/jars/partition.jar with timestamp 1572405912051
19/10/29 20:25:12 WARN metrics.MetricsSystem: Using default name DAGScheduler for source because spark.app.id is not set.
19/10/29 20:25:12 INFO client.AppClient$ClientEndpoint: Connecting to master spark://comet-10-20.ibnet:7077...
19/10/29 20:25:12 INFO cluster.SparkDeploySchedulerBackend: Connected to Spark cluster with app ID app-20191029202512-0000
19/10/29 20:25:12 INFO client.AppClient$ClientEndpoint: Executor added: app-20191029202512-0000/0 on worker-20191029202501-10.22.253.171-38298 (10.22.253.171:38298) with 24 cores
19/10/29 20:25:12 INFO cluster.SparkDeploySchedulerBackend: Granted executor ID app-20191029202512-0000/0 on hostPort 10.22.253.171:38298 with 24 cores, 1024.0 MB RAM
19/10/29 20:25:12 INFO client.AppClient$ClientEndpoint: Executor added: app-20191029202512-0000/1 on worker-20191029202504-10.22.249.165-43203 (10.22.249.165:43203) with 24 cores
19/10/29 20:25:12 INFO cluster.SparkDeploySchedulerBackend: Granted executor ID app-20191029202512-0000/1 on hostPort 10.22.249.165:43203 with 24 cores, 1024.0 MB RAM
19/10/29 20:25:12 INFO client.AppClient$ClientEndpoint: Executor added: app-20191029202512-0000/2 on worker-20191029202506-10.22.249.2-36248 (10.22.249.2:36248) with 24 cores
19/10/29 20:25:12 INFO cluster.SparkDeploySchedulerBackend: Granted executor ID app-20191029202512-0000/2 on hostPort 10.22.249.2:36248 with 24 cores, 1024.0 MB RAM
19/10/29 20:25:12 INFO client.AppClient$ClientEndpoint: Executor updated: app-20191029202512-0000/0 is now RUNNING
19/10/29 20:25:12 INFO util.Utils: Successfully started service 'org.apache.spark.network.netty.NettyBlockTransferService' on port 33434.
19/10/29 20:25:12 INFO netty.NettyBlockTransferService: Server created on 33434
19/10/29 20:25:12 INFO storage.BlockManagerMaster: Trying to register BlockManager
19/10/29 20:25:12 INFO storage.BlockManagerMasterEndpoint: Registering block manager 10.22.253.171:33434 with 530.0 MB RAM, BlockManagerId(driver, 10.22.253.171, 33434)
19/10/29 20:25:12 INFO client.AppClient$ClientEndpoint: Executor updated: app-20191029202512-0000/0 is now LOADING
19/10/29 20:25:12 INFO client.AppClient$ClientEndpoint: Executor updated: app-20191029202512-0000/2 is now LOADING
19/10/29 20:25:12 INFO storage.BlockManagerMaster: Registered BlockManager
19/10/29 20:25:12 INFO client.AppClient$ClientEndpoint: Executor updated: app-20191029202512-0000/1 is now RUNNING
19/10/29 20:25:12 INFO client.AppClient$ClientEndpoint: Executor updated: app-20191029202512-0000/2 is now RUNNING
19/10/29 20:25:12 INFO client.AppClient$ClientEndpoint: Executor updated: app-20191029202512-0000/1 is now LOADING
19/10/29 20:25:12 INFO cluster.SparkDeploySchedulerBackend: SchedulerBackend is ready for scheduling beginning after reached minRegisteredResourcesRatio: 0.0
19/10/29 20:25:12 INFO storage.MemoryStore: ensureFreeSpace(120176) called with curMem=0, maxMem=555755765
19/10/29 20:25:12 INFO storage.MemoryStore: Block broadcast_0 stored as values in memory (estimated size 117.4 KB, free 529.9 MB)
19/10/29 20:25:12 INFO storage.MemoryStore: ensureFreeSpace(12889) called with curMem=120176, maxMem=555755765
19/10/29 20:25:12 INFO storage.MemoryStore: Block broadcast_0_piece0 stored as bytes in memory (estimated size 12.6 KB, free 529.9 MB)
19/10/29 20:25:12 INFO storage.BlockManagerInfo: Added broadcast_0_piece0 in memory on 10.22.253.171:33434 (size: 12.6 KB, free: 530.0 MB)
19/10/29 20:25:12 INFO spark.SparkContext: Created broadcast 0 from textFile at Partition.scala:45
19/10/29 20:25:13 INFO mapred.FileInputFormat: Total input paths to process : 1
19/10/29 20:25:13 INFO spark.SparkContext: Starting job: collect at Partition.scala:50
19/10/29 20:25:13 INFO scheduler.DAGScheduler: Registering RDD 3 (flatMap at Partition.scala:47)
19/10/29 20:25:13 INFO scheduler.DAGScheduler: Registering RDD 6 (flatMap at Partition.scala:47)
19/10/29 20:25:13 INFO scheduler.DAGScheduler: Registering RDD 9 (flatMap at Partition.scala:47)
19/10/29 20:25:13 INFO scheduler.DAGScheduler: Registering RDD 12 (flatMap at Partition.scala:47)
19/10/29 20:25:13 INFO scheduler.DAGScheduler: Registering RDD 15 (flatMap at Partition.scala:47)
19/10/29 20:25:13 INFO scheduler.DAGScheduler: Registering RDD 18 (flatMap at Partition.scala:47)
19/10/29 20:25:13 INFO scheduler.DAGScheduler: Registering RDD 21 (map at Partition.scala:49)
19/10/29 20:25:13 INFO scheduler.DAGScheduler: Got job 0 (collect at Partition.scala:50) with 2 output partitions
19/10/29 20:25:13 INFO scheduler.DAGScheduler: Final stage: ResultStage 7(collect at Partition.scala:50)
19/10/29 20:25:13 INFO scheduler.DAGScheduler: Parents of final stage: List(ShuffleMapStage 6)
19/10/29 20:25:13 INFO scheduler.DAGScheduler: Missing parents: List(ShuffleMapStage 6)
19/10/29 20:25:13 INFO scheduler.DAGScheduler: Submitting ShuffleMapStage 0 (MapPartitionsRDD[3] at flatMap at Partition.scala:47), which has no missing parents
19/10/29 20:25:13 INFO storage.MemoryStore: ensureFreeSpace(4944) called with curMem=133065, maxMem=555755765
19/10/29 20:25:13 INFO storage.MemoryStore: Block broadcast_1 stored as values in memory (estimated size 4.8 KB, free 529.9 MB)
19/10/29 20:25:13 INFO storage.MemoryStore: ensureFreeSpace(2656) called with curMem=138009, maxMem=555755765
19/10/29 20:25:13 INFO storage.MemoryStore: Block broadcast_1_piece0 stored as bytes in memory (estimated size 2.6 KB, free 529.9 MB)
19/10/29 20:25:13 INFO storage.BlockManagerInfo: Added broadcast_1_piece0 in memory on 10.22.253.171:33434 (size: 2.6 KB, free: 530.0 MB)
19/10/29 20:25:13 INFO spark.SparkContext: Created broadcast 1 from broadcast at DAGScheduler.scala:861
19/10/29 20:25:13 INFO scheduler.DAGScheduler: Submitting 2 missing tasks from ShuffleMapStage 0 (MapPartitionsRDD[3] at flatMap at Partition.scala:47)
19/10/29 20:25:13 INFO scheduler.TaskSchedulerImpl: Adding task set 0.0 with 2 tasks
19/10/29 20:25:13 INFO cluster.SparkDeploySchedulerBackend: Registered executor: AkkaRpcEndpointRef(Actor[akka.tcp://sparkExecutor@10.22.249.2:36195/user/Executor#51506678]) with ID 2
19/10/29 20:25:13 INFO scheduler.TaskSetManager: Starting task 0.0 in stage 0.0 (TID 0, 10.22.249.2, ANY, 2212 bytes)
19/10/29 20:25:13 INFO scheduler.TaskSetManager: Starting task 1.0 in stage 0.0 (TID 1, 10.22.249.2, ANY, 2212 bytes)
19/10/29 20:25:13 INFO cluster.SparkDeploySchedulerBackend: Registered executor: AkkaRpcEndpointRef(Actor[akka.tcp://sparkExecutor@10.22.253.171:36459/user/Executor#559807488]) with ID 0
19/10/29 20:25:13 INFO cluster.SparkDeploySchedulerBackend: Registered executor: AkkaRpcEndpointRef(Actor[akka.tcp://sparkExecutor@10.22.249.165:45427/user/Executor#-1080182335]) with ID 1
19/10/29 20:25:13 INFO storage.BlockManagerMasterEndpoint: Registering block manager 10.22.249.2:41773 with 530.0 MB RAM, BlockManagerId(2, 10.22.249.2, 41773)
19/10/29 20:25:13 INFO storage.BlockManagerMasterEndpoint: Registering block manager 10.22.253.171:35640 with 530.0 MB RAM, BlockManagerId(0, 10.22.253.171, 35640)
19/10/29 20:25:13 INFO storage.BlockManagerMasterEndpoint: Registering block manager 10.22.249.165:35556 with 530.0 MB RAM, BlockManagerId(1, 10.22.249.165, 35556)
19/10/29 20:25:14 INFO storage.BlockManagerInfo: Added broadcast_1_piece0 in memory on 10.22.249.2:41773 (size: 2.6 KB, free: 530.0 MB)
19/10/29 20:25:14 INFO storage.BlockManagerInfo: Added broadcast_0_piece0 in memory on 10.22.249.2:41773 (size: 12.6 KB, free: 530.0 MB)
19/10/29 20:25:15 INFO scheduler.TaskSetManager: Finished task 1.0 in stage 0.0 (TID 1) in 1529 ms on 10.22.249.2 (1/2)
19/10/29 20:25:15 INFO scheduler.TaskSetManager: Finished task 0.0 in stage 0.0 (TID 0) in 1543 ms on 10.22.249.2 (2/2)
19/10/29 20:25:15 INFO scheduler.TaskSchedulerImpl: Removed TaskSet 0.0, whose tasks have all completed, from pool 
19/10/29 20:25:15 INFO scheduler.DAGScheduler: ShuffleMapStage 0 (flatMap at Partition.scala:47) finished in 2.079 s
19/10/29 20:25:15 INFO scheduler.DAGScheduler: looking for newly runnable stages
19/10/29 20:25:15 INFO scheduler.DAGScheduler: running: Set()
19/10/29 20:25:15 INFO scheduler.DAGScheduler: waiting: Set(ShuffleMapStage 1, ShuffleMapStage 5, ShuffleMapStage 2, ShuffleMapStage 6, ShuffleMapStage 3, ResultStage 7, ShuffleMapStage 4)
19/10/29 20:25:15 INFO scheduler.DAGScheduler: failed: Set()
19/10/29 20:25:15 INFO scheduler.DAGScheduler: Missing parents for ShuffleMapStage 1: List()
19/10/29 20:25:15 INFO scheduler.DAGScheduler: Missing parents for ShuffleMapStage 5: List(ShuffleMapStage 4)
19/10/29 20:25:15 INFO scheduler.DAGScheduler: Missing parents for ShuffleMapStage 2: List(ShuffleMapStage 1)
19/10/29 20:25:15 INFO scheduler.DAGScheduler: Missing parents for ShuffleMapStage 6: List(ShuffleMapStage 5)
19/10/29 20:25:15 INFO scheduler.DAGScheduler: Missing parents for ShuffleMapStage 3: List(ShuffleMapStage 2)
19/10/29 20:25:15 INFO scheduler.DAGScheduler: Missing parents for ResultStage 7: List(ShuffleMapStage 6)
19/10/29 20:25:15 INFO scheduler.DAGScheduler: Missing parents for ShuffleMapStage 4: List(ShuffleMapStage 3)
19/10/29 20:25:15 INFO scheduler.DAGScheduler: Submitting ShuffleMapStage 1 (MapPartitionsRDD[6] at flatMap at Partition.scala:47), which is now runnable
19/10/29 20:25:15 INFO storage.MemoryStore: ensureFreeSpace(5504) called with curMem=140665, maxMem=555755765
19/10/29 20:25:15 INFO storage.MemoryStore: Block broadcast_2 stored as values in memory (estimated size 5.4 KB, free 529.9 MB)
19/10/29 20:25:15 INFO storage.MemoryStore: ensureFreeSpace(2875) called with curMem=146169, maxMem=555755765
19/10/29 20:25:15 INFO storage.MemoryStore: Block broadcast_2_piece0 stored as bytes in memory (estimated size 2.8 KB, free 529.9 MB)
19/10/29 20:25:15 INFO storage.BlockManagerInfo: Added broadcast_2_piece0 in memory on 10.22.253.171:33434 (size: 2.8 KB, free: 530.0 MB)
19/10/29 20:25:15 INFO spark.SparkContext: Created broadcast 2 from broadcast at DAGScheduler.scala:861
19/10/29 20:25:15 INFO scheduler.DAGScheduler: Submitting 2 missing tasks from ShuffleMapStage 1 (MapPartitionsRDD[6] at flatMap at Partition.scala:47)
19/10/29 20:25:15 INFO scheduler.TaskSchedulerImpl: Adding task set 1.0 with 2 tasks
19/10/29 20:25:15 INFO scheduler.TaskSetManager: Starting task 0.0 in stage 1.0 (TID 2, 10.22.249.165, PROCESS_LOCAL, 1945 bytes)
19/10/29 20:25:15 INFO scheduler.TaskSetManager: Starting task 1.0 in stage 1.0 (TID 3, 10.22.253.171, PROCESS_LOCAL, 1945 bytes)
19/10/29 20:25:15 INFO storage.BlockManagerInfo: Added broadcast_2_piece0 in memory on 10.22.253.171:35640 (size: 2.8 KB, free: 530.0 MB)
19/10/29 20:25:15 INFO storage.BlockManagerInfo: Added broadcast_2_piece0 in memory on 10.22.249.165:35556 (size: 2.8 KB, free: 530.0 MB)
19/10/29 20:25:15 INFO spark.MapOutputTrackerMasterEndpoint: Asked to send map output locations for shuffle 6 to 10.22.253.171:36459
19/10/29 20:25:15 INFO spark.MapOutputTrackerMaster: Size of output statuses for shuffle 6 is 149 bytes
19/10/29 20:25:15 INFO spark.MapOutputTrackerMasterEndpoint: Asked to send map output locations for shuffle 6 to 10.22.249.165:45427
19/10/29 20:25:16 INFO scheduler.TaskSetManager: Finished task 0.0 in stage 1.0 (TID 2) in 1459 ms on 10.22.249.165 (1/2)
19/10/29 20:25:16 INFO scheduler.TaskSetManager: Finished task 1.0 in stage 1.0 (TID 3) in 1468 ms on 10.22.253.171 (2/2)
19/10/29 20:25:16 INFO scheduler.DAGScheduler: ShuffleMapStage 1 (flatMap at Partition.scala:47) finished in 1.469 s
19/10/29 20:25:16 INFO scheduler.DAGScheduler: looking for newly runnable stages
19/10/29 20:25:16 INFO scheduler.TaskSchedulerImpl: Removed TaskSet 1.0, whose tasks have all completed, from pool 
19/10/29 20:25:16 INFO scheduler.DAGScheduler: running: Set()
19/10/29 20:25:16 INFO scheduler.DAGScheduler: waiting: Set(ShuffleMapStage 5, ShuffleMapStage 2, ShuffleMapStage 6, ShuffleMapStage 3, ResultStage 7, ShuffleMapStage 4)
19/10/29 20:25:16 INFO scheduler.DAGScheduler: failed: Set()
19/10/29 20:25:16 INFO scheduler.DAGScheduler: Missing parents for ShuffleMapStage 5: List(ShuffleMapStage 4)
19/10/29 20:25:16 INFO scheduler.DAGScheduler: Missing parents for ShuffleMapStage 2: List()
19/10/29 20:25:16 INFO scheduler.DAGScheduler: Missing parents for ShuffleMapStage 6: List(ShuffleMapStage 5)
19/10/29 20:25:16 INFO scheduler.DAGScheduler: Missing parents for ShuffleMapStage 3: List(ShuffleMapStage 2)
19/10/29 20:25:16 INFO scheduler.DAGScheduler: Missing parents for ResultStage 7: List(ShuffleMapStage 6)
19/10/29 20:25:16 INFO scheduler.DAGScheduler: Missing parents for ShuffleMapStage 4: List(ShuffleMapStage 3)
19/10/29 20:25:16 INFO scheduler.DAGScheduler: Submitting ShuffleMapStage 2 (MapPartitionsRDD[9] at flatMap at Partition.scala:47), which is now runnable
19/10/29 20:25:16 INFO storage.MemoryStore: ensureFreeSpace(5832) called with curMem=149044, maxMem=555755765
19/10/29 20:25:16 INFO storage.MemoryStore: Block broadcast_3 stored as values in memory (estimated size 5.7 KB, free 529.9 MB)
19/10/29 20:25:16 INFO storage.MemoryStore: ensureFreeSpace(2980) called with curMem=154876, maxMem=555755765
19/10/29 20:25:16 INFO storage.MemoryStore: Block broadcast_3_piece0 stored as bytes in memory (estimated size 2.9 KB, free 529.9 MB)
19/10/29 20:25:16 INFO storage.BlockManagerInfo: Added broadcast_3_piece0 in memory on 10.22.253.171:33434 (size: 2.9 KB, free: 530.0 MB)
19/10/29 20:25:16 INFO spark.SparkContext: Created broadcast 3 from broadcast at DAGScheduler.scala:861
19/10/29 20:25:16 INFO scheduler.DAGScheduler: Submitting 2 missing tasks from ShuffleMapStage 2 (MapPartitionsRDD[9] at flatMap at Partition.scala:47)
19/10/29 20:25:16 INFO scheduler.TaskSchedulerImpl: Adding task set 2.0 with 2 tasks
19/10/29 20:25:16 INFO scheduler.TaskSetManager: Starting task 0.0 in stage 2.0 (TID 4, 10.22.253.171, PROCESS_LOCAL, 1945 bytes)
19/10/29 20:25:16 INFO scheduler.TaskSetManager: Starting task 1.0 in stage 2.0 (TID 5, 10.22.249.165, PROCESS_LOCAL, 1945 bytes)
19/10/29 20:25:16 INFO storage.BlockManagerInfo: Added broadcast_3_piece0 in memory on 10.22.249.165:35556 (size: 2.9 KB, free: 530.0 MB)
19/10/29 20:25:16 INFO storage.BlockManagerInfo: Added broadcast_3_piece0 in memory on 10.22.253.171:35640 (size: 2.9 KB, free: 530.0 MB)
19/10/29 20:25:16 INFO spark.MapOutputTrackerMasterEndpoint: Asked to send map output locations for shuffle 5 to 10.22.249.165:45427
19/10/29 20:25:16 INFO spark.MapOutputTrackerMaster: Size of output statuses for shuffle 5 is 169 bytes
19/10/29 20:25:16 INFO spark.MapOutputTrackerMasterEndpoint: Asked to send map output locations for shuffle 5 to 10.22.253.171:36459
19/10/29 20:25:17 INFO scheduler.TaskSetManager: Finished task 0.0 in stage 2.0 (TID 4) in 920 ms on 10.22.253.171 (1/2)
19/10/29 20:25:17 INFO scheduler.TaskSetManager: Finished task 1.0 in stage 2.0 (TID 5) in 933 ms on 10.22.249.165 (2/2)
19/10/29 20:25:17 INFO scheduler.TaskSchedulerImpl: Removed TaskSet 2.0, whose tasks have all completed, from pool 
19/10/29 20:25:17 INFO scheduler.DAGScheduler: ShuffleMapStage 2 (flatMap at Partition.scala:47) finished in 0.933 s
19/10/29 20:25:17 INFO scheduler.DAGScheduler: looking for newly runnable stages
19/10/29 20:25:17 INFO scheduler.DAGScheduler: running: Set()
19/10/29 20:25:17 INFO scheduler.DAGScheduler: waiting: Set(ShuffleMapStage 5, ShuffleMapStage 6, ShuffleMapStage 3, ResultStage 7, ShuffleMapStage 4)
19/10/29 20:25:17 INFO scheduler.DAGScheduler: failed: Set()
19/10/29 20:25:17 INFO scheduler.DAGScheduler: Missing parents for ShuffleMapStage 5: List(ShuffleMapStage 4)
19/10/29 20:25:17 INFO scheduler.DAGScheduler: Missing parents for ShuffleMapStage 6: List(ShuffleMapStage 5)
19/10/29 20:25:17 INFO scheduler.DAGScheduler: Missing parents for ShuffleMapStage 3: List()
19/10/29 20:25:17 INFO scheduler.DAGScheduler: Missing parents for ResultStage 7: List(ShuffleMapStage 6)
19/10/29 20:25:17 INFO scheduler.DAGScheduler: Missing parents for ShuffleMapStage 4: List(ShuffleMapStage 3)
19/10/29 20:25:17 INFO scheduler.DAGScheduler: Submitting ShuffleMapStage 3 (MapPartitionsRDD[12] at flatMap at Partition.scala:47), which is now runnable
19/10/29 20:25:17 INFO storage.MemoryStore: ensureFreeSpace(6168) called with curMem=157856, maxMem=555755765
19/10/29 20:25:17 INFO storage.MemoryStore: Block broadcast_4 stored as values in memory (estimated size 6.0 KB, free 529.9 MB)
19/10/29 20:25:17 INFO storage.MemoryStore: ensureFreeSpace(3058) called with curMem=164024, maxMem=555755765
19/10/29 20:25:17 INFO storage.MemoryStore: Block broadcast_4_piece0 stored as bytes in memory (estimated size 3.0 KB, free 529.9 MB)
19/10/29 20:25:17 INFO storage.BlockManagerInfo: Added broadcast_4_piece0 in memory on 10.22.253.171:33434 (size: 3.0 KB, free: 530.0 MB)
19/10/29 20:25:17 INFO spark.SparkContext: Created broadcast 4 from broadcast at DAGScheduler.scala:861
19/10/29 20:25:17 INFO scheduler.DAGScheduler: Submitting 2 missing tasks from ShuffleMapStage 3 (MapPartitionsRDD[12] at flatMap at Partition.scala:47)
19/10/29 20:25:17 INFO scheduler.TaskSchedulerImpl: Adding task set 3.0 with 2 tasks
19/10/29 20:25:17 INFO scheduler.TaskSetManager: Starting task 0.0 in stage 3.0 (TID 6, 10.22.249.165, PROCESS_LOCAL, 1945 bytes)
19/10/29 20:25:17 INFO scheduler.TaskSetManager: Starting task 1.0 in stage 3.0 (TID 7, 10.22.253.171, PROCESS_LOCAL, 1945 bytes)
19/10/29 20:25:17 INFO storage.BlockManagerInfo: Added broadcast_4_piece0 in memory on 10.22.253.171:35640 (size: 3.0 KB, free: 530.0 MB)
19/10/29 20:25:17 INFO storage.BlockManagerInfo: Added broadcast_4_piece0 in memory on 10.22.249.165:35556 (size: 3.0 KB, free: 530.0 MB)
19/10/29 20:25:17 INFO spark.MapOutputTrackerMasterEndpoint: Asked to send map output locations for shuffle 4 to 10.22.253.171:36459
19/10/29 20:25:17 INFO spark.MapOutputTrackerMaster: Size of output statuses for shuffle 4 is 169 bytes
19/10/29 20:25:17 INFO spark.MapOutputTrackerMasterEndpoint: Asked to send map output locations for shuffle 4 to 10.22.249.165:45427
19/10/29 20:25:18 INFO scheduler.TaskSetManager: Finished task 0.0 in stage 3.0 (TID 6) in 940 ms on 10.22.249.165 (1/2)
19/10/29 20:25:18 INFO scheduler.TaskSetManager: Finished task 1.0 in stage 3.0 (TID 7) in 957 ms on 10.22.253.171 (2/2)
19/10/29 20:25:18 INFO scheduler.DAGScheduler: ShuffleMapStage 3 (flatMap at Partition.scala:47) finished in 0.957 s
19/10/29 20:25:18 INFO scheduler.DAGScheduler: looking for newly runnable stages
19/10/29 20:25:18 INFO scheduler.TaskSchedulerImpl: Removed TaskSet 3.0, whose tasks have all completed, from pool 
19/10/29 20:25:18 INFO scheduler.DAGScheduler: running: Set()
19/10/29 20:25:18 INFO scheduler.DAGScheduler: waiting: Set(ShuffleMapStage 5, ShuffleMapStage 6, ResultStage 7, ShuffleMapStage 4)
19/10/29 20:25:18 INFO scheduler.DAGScheduler: failed: Set()
19/10/29 20:25:18 INFO scheduler.DAGScheduler: Missing parents for ShuffleMapStage 5: List(ShuffleMapStage 4)
19/10/29 20:25:18 INFO scheduler.DAGScheduler: Missing parents for ShuffleMapStage 6: List(ShuffleMapStage 5)
19/10/29 20:25:18 INFO scheduler.DAGScheduler: Missing parents for ResultStage 7: List(ShuffleMapStage 6)
19/10/29 20:25:18 INFO scheduler.DAGScheduler: Missing parents for ShuffleMapStage 4: List()
19/10/29 20:25:18 INFO scheduler.DAGScheduler: Submitting ShuffleMapStage 4 (MapPartitionsRDD[15] at flatMap at Partition.scala:47), which is now runnable
19/10/29 20:25:18 INFO storage.MemoryStore: ensureFreeSpace(6496) called with curMem=167082, maxMem=555755765
19/10/29 20:25:18 INFO storage.MemoryStore: Block broadcast_5 stored as values in memory (estimated size 6.3 KB, free 529.8 MB)
19/10/29 20:25:18 INFO storage.MemoryStore: ensureFreeSpace(3150) called with curMem=173578, maxMem=555755765
19/10/29 20:25:18 INFO storage.MemoryStore: Block broadcast_5_piece0 stored as bytes in memory (estimated size 3.1 KB, free 529.8 MB)
19/10/29 20:25:18 INFO storage.BlockManagerInfo: Added broadcast_5_piece0 in memory on 10.22.253.171:33434 (size: 3.1 KB, free: 530.0 MB)
19/10/29 20:25:18 INFO spark.SparkContext: Created broadcast 5 from broadcast at DAGScheduler.scala:861
19/10/29 20:25:18 INFO scheduler.DAGScheduler: Submitting 2 missing tasks from ShuffleMapStage 4 (MapPartitionsRDD[15] at flatMap at Partition.scala:47)
19/10/29 20:25:18 INFO scheduler.TaskSchedulerImpl: Adding task set 4.0 with 2 tasks
19/10/29 20:25:18 INFO scheduler.TaskSetManager: Starting task 0.0 in stage 4.0 (TID 8, 10.22.249.2, PROCESS_LOCAL, 1945 bytes)
19/10/29 20:25:18 INFO scheduler.TaskSetManager: Starting task 1.0 in stage 4.0 (TID 9, 10.22.249.165, PROCESS_LOCAL, 1945 bytes)
19/10/29 20:25:18 INFO storage.BlockManagerInfo: Added broadcast_5_piece0 in memory on 10.22.249.165:35556 (size: 3.1 KB, free: 530.0 MB)
19/10/29 20:25:18 INFO storage.BlockManagerInfo: Added broadcast_5_piece0 in memory on 10.22.249.2:41773 (size: 3.1 KB, free: 530.0 MB)
19/10/29 20:25:18 INFO spark.MapOutputTrackerMasterEndpoint: Asked to send map output locations for shuffle 3 to 10.22.249.165:45427
19/10/29 20:25:18 INFO spark.MapOutputTrackerMaster: Size of output statuses for shuffle 3 is 169 bytes
19/10/29 20:25:18 INFO spark.MapOutputTrackerMasterEndpoint: Asked to send map output locations for shuffle 3 to 10.22.249.2:36195
19/10/29 20:25:20 INFO scheduler.TaskSetManager: Finished task 1.0 in stage 4.0 (TID 9) in 1562 ms on 10.22.249.165 (1/2)
19/10/29 20:25:20 INFO scheduler.TaskSetManager: Finished task 0.0 in stage 4.0 (TID 8) in 1834 ms on 10.22.249.2 (2/2)
19/10/29 20:25:20 INFO scheduler.TaskSchedulerImpl: Removed TaskSet 4.0, whose tasks have all completed, from pool 
19/10/29 20:25:20 INFO scheduler.DAGScheduler: ShuffleMapStage 4 (flatMap at Partition.scala:47) finished in 1.835 s
19/10/29 20:25:20 INFO scheduler.DAGScheduler: looking for newly runnable stages
19/10/29 20:25:20 INFO scheduler.DAGScheduler: running: Set()
19/10/29 20:25:20 INFO scheduler.DAGScheduler: waiting: Set(ShuffleMapStage 5, ShuffleMapStage 6, ResultStage 7)
19/10/29 20:25:20 INFO scheduler.DAGScheduler: failed: Set()
19/10/29 20:25:20 INFO scheduler.DAGScheduler: Missing parents for ShuffleMapStage 5: List()
19/10/29 20:25:20 INFO scheduler.DAGScheduler: Missing parents for ShuffleMapStage 6: List(ShuffleMapStage 5)
19/10/29 20:25:20 INFO scheduler.DAGScheduler: Missing parents for ResultStage 7: List(ShuffleMapStage 6)
19/10/29 20:25:20 INFO scheduler.DAGScheduler: Submitting ShuffleMapStage 5 (MapPartitionsRDD[18] at flatMap at Partition.scala:47), which is now runnable
19/10/29 20:25:20 INFO storage.MemoryStore: ensureFreeSpace(6832) called with curMem=176728, maxMem=555755765
19/10/29 20:25:20 INFO storage.MemoryStore: Block broadcast_6 stored as values in memory (estimated size 6.7 KB, free 529.8 MB)
19/10/29 20:25:20 INFO storage.MemoryStore: ensureFreeSpace(3219) called with curMem=183560, maxMem=555755765
19/10/29 20:25:20 INFO storage.MemoryStore: Block broadcast_6_piece0 stored as bytes in memory (estimated size 3.1 KB, free 529.8 MB)
19/10/29 20:25:20 INFO storage.BlockManagerInfo: Added broadcast_6_piece0 in memory on 10.22.253.171:33434 (size: 3.1 KB, free: 530.0 MB)
19/10/29 20:25:20 INFO spark.SparkContext: Created broadcast 6 from broadcast at DAGScheduler.scala:861
19/10/29 20:25:20 INFO scheduler.DAGScheduler: Submitting 2 missing tasks from ShuffleMapStage 5 (MapPartitionsRDD[18] at flatMap at Partition.scala:47)
19/10/29 20:25:20 INFO scheduler.TaskSchedulerImpl: Adding task set 5.0 with 2 tasks
19/10/29 20:25:20 INFO scheduler.TaskSetManager: Starting task 0.0 in stage 5.0 (TID 10, 10.22.249.165, PROCESS_LOCAL, 1945 bytes)
19/10/29 20:25:20 INFO scheduler.TaskSetManager: Starting task 1.0 in stage 5.0 (TID 11, 10.22.253.171, PROCESS_LOCAL, 1945 bytes)
19/10/29 20:25:20 INFO storage.BlockManagerInfo: Added broadcast_6_piece0 in memory on 10.22.249.165:35556 (size: 3.1 KB, free: 530.0 MB)
19/10/29 20:25:20 INFO storage.BlockManagerInfo: Added broadcast_6_piece0 in memory on 10.22.253.171:35640 (size: 3.1 KB, free: 530.0 MB)
19/10/29 20:25:20 INFO spark.MapOutputTrackerMasterEndpoint: Asked to send map output locations for shuffle 2 to 10.22.249.165:45427
19/10/29 20:25:20 INFO spark.MapOutputTrackerMaster: Size of output statuses for shuffle 2 is 168 bytes
19/10/29 20:25:20 INFO spark.MapOutputTrackerMasterEndpoint: Asked to send map output locations for shuffle 2 to 10.22.253.171:36459
19/10/29 20:25:22 INFO scheduler.TaskSetManager: Finished task 0.0 in stage 5.0 (TID 10) in 2162 ms on 10.22.249.165 (1/2)
19/10/29 20:25:22 INFO scheduler.TaskSetManager: Finished task 1.0 in stage 5.0 (TID 11) in 2239 ms on 10.22.253.171 (2/2)
19/10/29 20:25:22 INFO scheduler.DAGScheduler: ShuffleMapStage 5 (flatMap at Partition.scala:47) finished in 2.239 s
19/10/29 20:25:22 INFO scheduler.TaskSchedulerImpl: Removed TaskSet 5.0, whose tasks have all completed, from pool 
19/10/29 20:25:22 INFO scheduler.DAGScheduler: looking for newly runnable stages
19/10/29 20:25:22 INFO scheduler.DAGScheduler: running: Set()
19/10/29 20:25:22 INFO scheduler.DAGScheduler: waiting: Set(ShuffleMapStage 6, ResultStage 7)
19/10/29 20:25:22 INFO scheduler.DAGScheduler: failed: Set()
19/10/29 20:25:22 INFO scheduler.DAGScheduler: Missing parents for ShuffleMapStage 6: List()
19/10/29 20:25:22 INFO scheduler.DAGScheduler: Missing parents for ResultStage 7: List(ShuffleMapStage 6)
19/10/29 20:25:22 INFO scheduler.DAGScheduler: Submitting ShuffleMapStage 6 (MapPartitionsRDD[21] at map at Partition.scala:49), which is now runnable
19/10/29 20:25:22 INFO storage.MemoryStore: ensureFreeSpace(7272) called with curMem=186779, maxMem=555755765
19/10/29 20:25:22 INFO storage.MemoryStore: Block broadcast_7 stored as values in memory (estimated size 7.1 KB, free 529.8 MB)
19/10/29 20:25:22 INFO storage.MemoryStore: ensureFreeSpace(3349) called with curMem=194051, maxMem=555755765
19/10/29 20:25:22 INFO storage.MemoryStore: Block broadcast_7_piece0 stored as bytes in memory (estimated size 3.3 KB, free 529.8 MB)
19/10/29 20:25:22 INFO storage.BlockManagerInfo: Added broadcast_7_piece0 in memory on 10.22.253.171:33434 (size: 3.3 KB, free: 530.0 MB)
19/10/29 20:25:22 INFO spark.SparkContext: Created broadcast 7 from broadcast at DAGScheduler.scala:861
19/10/29 20:25:22 INFO scheduler.DAGScheduler: Submitting 2 missing tasks from ShuffleMapStage 6 (MapPartitionsRDD[21] at map at Partition.scala:49)
19/10/29 20:25:22 INFO scheduler.TaskSchedulerImpl: Adding task set 6.0 with 2 tasks
19/10/29 20:25:22 INFO scheduler.TaskSetManager: Starting task 0.0 in stage 6.0 (TID 12, 10.22.253.171, PROCESS_LOCAL, 1945 bytes)
19/10/29 20:25:22 INFO scheduler.TaskSetManager: Starting task 1.0 in stage 6.0 (TID 13, 10.22.249.165, PROCESS_LOCAL, 1945 bytes)
19/10/29 20:25:22 INFO storage.BlockManagerInfo: Added broadcast_7_piece0 in memory on 10.22.253.171:35640 (size: 3.3 KB, free: 530.0 MB)
19/10/29 20:25:22 INFO storage.BlockManagerInfo: Added broadcast_7_piece0 in memory on 10.22.249.165:35556 (size: 3.3 KB, free: 530.0 MB)
19/10/29 20:25:22 INFO spark.MapOutputTrackerMasterEndpoint: Asked to send map output locations for shuffle 1 to 10.22.253.171:36459
19/10/29 20:25:22 INFO spark.MapOutputTrackerMaster: Size of output statuses for shuffle 1 is 169 bytes
19/10/29 20:25:22 INFO spark.MapOutputTrackerMasterEndpoint: Asked to send map output locations for shuffle 1 to 10.22.249.165:45427
19/10/29 20:25:24 INFO scheduler.TaskSetManager: Finished task 1.0 in stage 6.0 (TID 13) in 1162 ms on 10.22.249.165 (1/2)
19/10/29 20:25:24 INFO scheduler.TaskSetManager: Finished task 0.0 in stage 6.0 (TID 12) in 1191 ms on 10.22.253.171 (2/2)
19/10/29 20:25:24 INFO scheduler.DAGScheduler: ShuffleMapStage 6 (map at Partition.scala:49) finished in 1.191 s
19/10/29 20:25:24 INFO scheduler.TaskSchedulerImpl: Removed TaskSet 6.0, whose tasks have all completed, from pool 
19/10/29 20:25:24 INFO scheduler.DAGScheduler: looking for newly runnable stages
19/10/29 20:25:24 INFO scheduler.DAGScheduler: running: Set()
19/10/29 20:25:24 INFO scheduler.DAGScheduler: waiting: Set(ResultStage 7)
19/10/29 20:25:24 INFO scheduler.DAGScheduler: failed: Set()
19/10/29 20:25:24 INFO scheduler.DAGScheduler: Missing parents for ResultStage 7: List()
19/10/29 20:25:24 INFO scheduler.DAGScheduler: Submitting ResultStage 7 (ShuffledRDD[22] at reduceByKey at Partition.scala:50), which is now runnable
19/10/29 20:25:24 INFO storage.MemoryStore: ensureFreeSpace(2280) called with curMem=197400, maxMem=555755765
19/10/29 20:25:24 INFO storage.MemoryStore: Block broadcast_8 stored as values in memory (estimated size 2.2 KB, free 529.8 MB)
19/10/29 20:25:24 INFO storage.MemoryStore: ensureFreeSpace(1369) called with curMem=199680, maxMem=555755765
19/10/29 20:25:24 INFO storage.MemoryStore: Block broadcast_8_piece0 stored as bytes in memory (estimated size 1369.0 B, free 529.8 MB)
19/10/29 20:25:24 INFO storage.BlockManagerInfo: Added broadcast_8_piece0 in memory on 10.22.253.171:33434 (size: 1369.0 B, free: 530.0 MB)
19/10/29 20:25:24 INFO spark.SparkContext: Created broadcast 8 from broadcast at DAGScheduler.scala:861
19/10/29 20:25:24 INFO scheduler.DAGScheduler: Submitting 2 missing tasks from ResultStage 7 (ShuffledRDD[22] at reduceByKey at Partition.scala:50)
19/10/29 20:25:24 INFO scheduler.TaskSchedulerImpl: Adding task set 7.0 with 2 tasks
19/10/29 20:25:24 INFO scheduler.TaskSetManager: Starting task 0.0 in stage 7.0 (TID 14, 10.22.249.165, PROCESS_LOCAL, 1956 bytes)
19/10/29 20:25:24 INFO scheduler.TaskSetManager: Starting task 1.0 in stage 7.0 (TID 15, 10.22.249.2, PROCESS_LOCAL, 1956 bytes)
19/10/29 20:25:24 INFO storage.BlockManagerInfo: Added broadcast_8_piece0 in memory on 10.22.249.165:35556 (size: 1369.0 B, free: 530.0 MB)
19/10/29 20:25:24 INFO storage.BlockManagerInfo: Added broadcast_8_piece0 in memory on 10.22.249.2:41773 (size: 1369.0 B, free: 530.0 MB)
19/10/29 20:25:24 INFO spark.MapOutputTrackerMasterEndpoint: Asked to send map output locations for shuffle 0 to 10.22.249.165:45427
19/10/29 20:25:24 INFO spark.MapOutputTrackerMaster: Size of output statuses for shuffle 0 is 169 bytes
19/10/29 20:25:24 INFO spark.MapOutputTrackerMasterEndpoint: Asked to send map output locations for shuffle 0 to 10.22.249.2:36195
19/10/29 20:25:24 INFO scheduler.TaskSetManager: Finished task 0.0 in stage 7.0 (TID 14) in 19 ms on 10.22.249.165 (1/2)
19/10/29 20:25:24 INFO scheduler.TaskSetManager: Finished task 1.0 in stage 7.0 (TID 15) in 21 ms on 10.22.249.2 (2/2)
19/10/29 20:25:24 INFO scheduler.DAGScheduler: ResultStage 7 (collect at Partition.scala:50) finished in 0.022 s
19/10/29 20:25:24 INFO scheduler.TaskSchedulerImpl: Removed TaskSet 7.0, whose tasks have all completed, from pool 
19/10/29 20:25:24 INFO scheduler.DAGScheduler: Job 0 finished: collect at Partition.scala:50, took 10.817981 s
(85396,8342)
(21958,13297)
(40720,6101)
(32616,15136)
(59780,7206)
(67668,8917)
(24310,4585)
(29,11267)
(9943,7069)
(81217,7765)
(10147,10315)
19/10/29 20:25:24 INFO spark.SparkContext: Invoking stop() from shutdown hook
19/10/29 20:25:24 INFO handler.ContextHandler: stopped o.s.j.s.ServletContextHandler{/metrics/json,null}
19/10/29 20:25:24 INFO handler.ContextHandler: stopped o.s.j.s.ServletContextHandler{/stages/stage/kill,null}
19/10/29 20:25:24 INFO handler.ContextHandler: stopped o.s.j.s.ServletContextHandler{/api,null}
19/10/29 20:25:24 INFO handler.ContextHandler: stopped o.s.j.s.ServletContextHandler{/,null}
19/10/29 20:25:24 INFO handler.ContextHandler: stopped o.s.j.s.ServletContextHandler{/static,null}
19/10/29 20:25:24 INFO handler.ContextHandler: stopped o.s.j.s.ServletContextHandler{/executors/threadDump/json,null}
19/10/29 20:25:24 INFO handler.ContextHandler: stopped o.s.j.s.ServletContextHandler{/executors/threadDump,null}
19/10/29 20:25:24 INFO handler.ContextHandler: stopped o.s.j.s.ServletContextHandler{/executors/json,null}
19/10/29 20:25:24 INFO handler.ContextHandler: stopped o.s.j.s.ServletContextHandler{/executors,null}
19/10/29 20:25:24 INFO handler.ContextHandler: stopped o.s.j.s.ServletContextHandler{/environment/json,null}
19/10/29 20:25:24 INFO handler.ContextHandler: stopped o.s.j.s.ServletContextHandler{/environment,null}
19/10/29 20:25:24 INFO handler.ContextHandler: stopped o.s.j.s.ServletContextHandler{/storage/rdd/json,null}
19/10/29 20:25:24 INFO handler.ContextHandler: stopped o.s.j.s.ServletContextHandler{/storage/rdd,null}
19/10/29 20:25:24 INFO handler.ContextHandler: stopped o.s.j.s.ServletContextHandler{/storage/json,null}
19/10/29 20:25:24 INFO handler.ContextHandler: stopped o.s.j.s.ServletContextHandler{/storage,null}
19/10/29 20:25:24 INFO handler.ContextHandler: stopped o.s.j.s.ServletContextHandler{/stages/pool/json,null}
19/10/29 20:25:24 INFO handler.ContextHandler: stopped o.s.j.s.ServletContextHandler{/stages/pool,null}
19/10/29 20:25:24 INFO handler.ContextHandler: stopped o.s.j.s.ServletContextHandler{/stages/stage/json,null}
19/10/29 20:25:24 INFO handler.ContextHandler: stopped o.s.j.s.ServletContextHandler{/stages/stage,null}
19/10/29 20:25:24 INFO handler.ContextHandler: stopped o.s.j.s.ServletContextHandler{/stages/json,null}
19/10/29 20:25:24 INFO handler.ContextHandler: stopped o.s.j.s.ServletContextHandler{/stages,null}
19/10/29 20:25:24 INFO handler.ContextHandler: stopped o.s.j.s.ServletContextHandler{/jobs/job/json,null}
19/10/29 20:25:24 INFO handler.ContextHandler: stopped o.s.j.s.ServletContextHandler{/jobs/job,null}
19/10/29 20:25:24 INFO handler.ContextHandler: stopped o.s.j.s.ServletContextHandler{/jobs/json,null}
19/10/29 20:25:24 INFO handler.ContextHandler: stopped o.s.j.s.ServletContextHandler{/jobs,null}
19/10/29 20:25:24 INFO ui.SparkUI: Stopped Spark web UI at http://10.22.253.171:4040
19/10/29 20:25:24 INFO scheduler.DAGScheduler: Stopping DAGScheduler
19/10/29 20:25:24 INFO cluster.SparkDeploySchedulerBackend: Shutting down all executors
19/10/29 20:25:24 INFO cluster.SparkDeploySchedulerBackend: Asking each executor to shut down
19/10/29 20:25:24 INFO spark.MapOutputTrackerMasterEndpoint: MapOutputTrackerMasterEndpoint stopped!
19/10/29 20:25:24 INFO storage.MemoryStore: MemoryStore cleared
19/10/29 20:25:24 INFO storage.BlockManager: BlockManager stopped
19/10/29 20:25:24 INFO storage.BlockManagerMaster: BlockManagerMaster stopped
19/10/29 20:25:24 INFO scheduler.OutputCommitCoordinator$OutputCommitCoordinatorEndpoint: OutputCommitCoordinator stopped!
19/10/29 20:25:24 INFO spark.SparkContext: Successfully stopped SparkContext
19/10/29 20:25:24 INFO util.ShutdownHookManager: Shutdown hook called
19/10/29 20:25:24 INFO util.ShutdownHookManager: Deleting directory /tmp/spark-ea94a4d8-88fb-481e-9b44-3c9814580edd
19/10/29 20:25:24 INFO remote.RemoteActorRefProvider$RemotingTerminator: Shutting down remote daemon.
19/10/29 20:25:24 INFO remote.RemoteActorRefProvider$RemotingTerminator: Remote daemon shut down; proceeding with flushing remote transports.
stopping yarn daemons
stopping resourcemanager
comet-25-42.ibnet: stopping nodemanager
comet-10-20.ibnet: stopping nodemanager
comet-27-61.ibnet: stopping nodemanager
no proxyserver to stop
19/10/29 20:25:35 WARN util.NativeCodeLoader: Unable to load native-hadoop library for your platform... using builtin-java classes where applicable
Stopping namenodes on [comet-10-20.ibnet]
comet-10-20.ibnet: stopping namenode
comet-10-20.ibnet: stopping datanode
comet-25-42.ibnet: stopping datanode
comet-27-61.ibnet: stopping datanode
Stopping secondary namenodes [comet-10-20.ibnet]
comet-10-20.ibnet: stopping secondarynamenode
19/10/29 20:25:53 WARN util.NativeCodeLoader: Unable to load native-hadoop library for your platform... using builtin-java classes where applicable
Copying Hadoop logs back to /home/exd7159/cometcluster/logs...
`/scratch/exd7159/27706562/logs' -> `/home/exd7159/cometcluster/logs'
`/scratch/exd7159/27706562/logs/userlogs' -> `/home/exd7159/cometcluster/logs/userlogs'
`/scratch/exd7159/27706562/logs/yarn-exd7159-resourcemanager-comet-10-20.log' -> `/home/exd7159/cometcluster/logs/yarn-exd7159-resourcemanager-comet-10-20.log'
`/scratch/exd7159/27706562/logs/hadoop-exd7159-namenode-comet-10-20.sdsc.edu.log' -> `/home/exd7159/cometcluster/logs/hadoop-exd7159-namenode-comet-10-20.sdsc.edu.log'
`/scratch/exd7159/27706562/logs/yarn-exd7159-nodemanager-comet-10-20.sdsc.edu.log' -> `/home/exd7159/cometcluster/logs/yarn-exd7159-nodemanager-comet-10-20.sdsc.edu.log'
`/scratch/exd7159/27706562/logs/hadoop-exd7159-secondarynamenode-comet-10-20.sdsc.edu.log' -> `/home/exd7159/cometcluster/logs/hadoop-exd7159-secondarynamenode-comet-10-20.sdsc.edu.log'
`/scratch/exd7159/27706562/logs/hadoop-exd7159-datanode-comet-10-20.sdsc.edu.log' -> `/home/exd7159/cometcluster/logs/hadoop-exd7159-datanode-comet-10-20.sdsc.edu.log'
`/scratch/exd7159/27706562/logs/spark-exd7159-org.apache.spark.deploy.master.Master-1-comet-10-20.out' -> `/home/exd7159/cometcluster/logs/spark-exd7159-org.apache.spark.deploy.master.Master-1-comet-10-20.out'
`/scratch/exd7159/27706562/logs/spark-exd7159-org.apache.spark.deploy.worker.Worker-1-comet-10-20.sdsc.edu.out' -> `/home/exd7159/cometcluster/logs/spark-exd7159-org.apache.spark.deploy.worker.Worker-1-comet-10-20.sdsc.edu.out'
`/scratch/exd7159/27706562/logs/hadoop-exd7159-datanode-comet-10-20.sdsc.edu.out' -> `/home/exd7159/cometcluster/logs/hadoop-exd7159-datanode-comet-10-20.sdsc.edu.out'
`/scratch/exd7159/27706562/logs/yarn-exd7159-nodemanager-comet-10-20.sdsc.edu.out' -> `/home/exd7159/cometcluster/logs/yarn-exd7159-nodemanager-comet-10-20.sdsc.edu.out'
`/scratch/exd7159/27706562/logs/hadoop-exd7159-secondarynamenode-comet-10-20.sdsc.edu.out' -> `/home/exd7159/cometcluster/logs/hadoop-exd7159-secondarynamenode-comet-10-20.sdsc.edu.out'
`/scratch/exd7159/27706562/logs/SecurityAuth-exd7159.audit' -> `/home/exd7159/cometcluster/logs/SecurityAuth-exd7159.audit'
`/scratch/exd7159/27706562/logs/hadoop-exd7159-namenode-comet-10-20.sdsc.edu.out' -> `/home/exd7159/cometcluster/logs/hadoop-exd7159-namenode-comet-10-20.sdsc.edu.out'
`/scratch/exd7159/27706562/logs/yarn-exd7159-resourcemanager-comet-10-20.out' -> `/home/exd7159/cometcluster/logs/yarn-exd7159-resourcemanager-comet-10-20.out'
removed directory: `/scratch/exd7159/27706562/mapred_scratch/nmPrivate'
removed directory: `/scratch/exd7159/27706562/mapred_scratch/usercache'
removed directory: `/scratch/exd7159/27706562/mapred_scratch/filecache'
removed directory: `/scratch/exd7159/27706562/mapred_scratch'
removed directory: `/scratch/exd7159/27706562/tmp/dfs/namesecondary'
removed directory: `/scratch/exd7159/27706562/tmp/dfs'
removed directory: `/scratch/exd7159/27706562/tmp'
removed `/scratch/exd7159/27706562/namenode_data/current/seen_txid'
removed `/scratch/exd7159/27706562/namenode_data/current/fsimage_0000000000000000000.md5'
removed `/scratch/exd7159/27706562/namenode_data/current/fsimage_0000000000000000000'
removed `/scratch/exd7159/27706562/namenode_data/current/edits_inprogress_0000000000000000001'
removed `/scratch/exd7159/27706562/namenode_data/current/VERSION'
removed directory: `/scratch/exd7159/27706562/namenode_data/current'
removed directory: `/scratch/exd7159/27706562/namenode_data'
removed `/scratch/exd7159/27706562/hdfs_data/current/VERSION'
removed `/scratch/exd7159/27706562/hdfs_data/current/BP-1268762769-198.202.118.163-1572405879395/dncp_block_verification.log.curr'
removed directory: `/scratch/exd7159/27706562/hdfs_data/current/BP-1268762769-198.202.118.163-1572405879395/tmp'
removed `/scratch/exd7159/27706562/hdfs_data/current/BP-1268762769-198.202.118.163-1572405879395/current/finalized/subdir0/subdir0/blk_1073741825_1001.meta'
removed `/scratch/exd7159/27706562/hdfs_data/current/BP-1268762769-198.202.118.163-1572405879395/current/finalized/subdir0/subdir0/blk_1073741825'
removed directory: `/scratch/exd7159/27706562/hdfs_data/current/BP-1268762769-198.202.118.163-1572405879395/current/finalized/subdir0/subdir0'
removed directory: `/scratch/exd7159/27706562/hdfs_data/current/BP-1268762769-198.202.118.163-1572405879395/current/finalized/subdir0'
removed directory: `/scratch/exd7159/27706562/hdfs_data/current/BP-1268762769-198.202.118.163-1572405879395/current/finalized'
removed directory: `/scratch/exd7159/27706562/hdfs_data/current/BP-1268762769-198.202.118.163-1572405879395/current/rbw'
removed `/scratch/exd7159/27706562/hdfs_data/current/BP-1268762769-198.202.118.163-1572405879395/current/dfsUsed'
removed `/scratch/exd7159/27706562/hdfs_data/current/BP-1268762769-198.202.118.163-1572405879395/current/VERSION'
removed directory: `/scratch/exd7159/27706562/hdfs_data/current/BP-1268762769-198.202.118.163-1572405879395/current'
removed `/scratch/exd7159/27706562/hdfs_data/current/BP-1268762769-198.202.118.163-1572405879395/dncp_block_verification.log.prev'
removed directory: `/scratch/exd7159/27706562/hdfs_data/current/BP-1268762769-198.202.118.163-1572405879395'
removed directory: `/scratch/exd7159/27706562/hdfs_data/current'
removed directory: `/scratch/exd7159/27706562/hdfs_data'
removed directory: `/scratch/exd7159/27706562/pids'
removed directory: `/scratch/exd7159/27706562/logs/userlogs'
removed `/scratch/exd7159/27706562/logs/yarn-exd7159-resourcemanager-comet-10-20.log'
removed `/scratch/exd7159/27706562/logs/hadoop-exd7159-namenode-comet-10-20.sdsc.edu.log'
removed `/scratch/exd7159/27706562/logs/yarn-exd7159-nodemanager-comet-10-20.sdsc.edu.log'
removed `/scratch/exd7159/27706562/logs/hadoop-exd7159-secondarynamenode-comet-10-20.sdsc.edu.log'
removed `/scratch/exd7159/27706562/logs/hadoop-exd7159-datanode-comet-10-20.sdsc.edu.log'
removed `/scratch/exd7159/27706562/logs/spark-exd7159-org.apache.spark.deploy.master.Master-1-comet-10-20.out'
removed `/scratch/exd7159/27706562/logs/spark-exd7159-org.apache.spark.deploy.worker.Worker-1-comet-10-20.sdsc.edu.out'
removed `/scratch/exd7159/27706562/logs/hadoop-exd7159-datanode-comet-10-20.sdsc.edu.out'
removed `/scratch/exd7159/27706562/logs/yarn-exd7159-nodemanager-comet-10-20.sdsc.edu.out'
removed `/scratch/exd7159/27706562/logs/hadoop-exd7159-secondarynamenode-comet-10-20.sdsc.edu.out'
removed `/scratch/exd7159/27706562/logs/SecurityAuth-exd7159.audit'
removed `/scratch/exd7159/27706562/logs/hadoop-exd7159-namenode-comet-10-20.sdsc.edu.out'
removed `/scratch/exd7159/27706562/logs/yarn-exd7159-resourcemanager-comet-10-20.out'
removed directory: `/scratch/exd7159/27706562/logs'
removed directory: `/scratch/exd7159/27706562/mapred_scratch/filecache'
removed directory: `/scratch/exd7159/27706562/mapred_scratch/usercache'
removed directory: `/scratch/exd7159/27706562/mapred_scratch/nmPrivate'
removed directory: `/scratch/exd7159/27706562/mapred_scratch'
removed `/scratch/exd7159/27706562/hdfs_data/current/VERSION'
removed `/scratch/exd7159/27706562/hdfs_data/current/BP-1268762769-198.202.118.163-1572405879395/dncp_block_verification.log.prev'
removed `/scratch/exd7159/27706562/hdfs_data/current/BP-1268762769-198.202.118.163-1572405879395/current/dfsUsed'
removed `/scratch/exd7159/27706562/hdfs_data/current/BP-1268762769-198.202.118.163-1572405879395/current/finalized/subdir0/subdir0/blk_1073741825_1001.meta'
removed `/scratch/exd7159/27706562/hdfs_data/current/BP-1268762769-198.202.118.163-1572405879395/current/finalized/subdir0/subdir0/blk_1073741825'
removed directory: `/scratch/exd7159/27706562/hdfs_data/current/BP-1268762769-198.202.118.163-1572405879395/current/finalized/subdir0/subdir0'
removed directory: `/scratch/exd7159/27706562/hdfs_data/current/BP-1268762769-198.202.118.163-1572405879395/current/finalized/subdir0'
removed directory: `/scratch/exd7159/27706562/hdfs_data/current/BP-1268762769-198.202.118.163-1572405879395/current/finalized'
removed directory: `/scratch/exd7159/27706562/hdfs_data/current/BP-1268762769-198.202.118.163-1572405879395/current/rbw'
removed `/scratch/exd7159/27706562/hdfs_data/current/BP-1268762769-198.202.118.163-1572405879395/current/VERSION'
removed directory: `/scratch/exd7159/27706562/hdfs_data/current/BP-1268762769-198.202.118.163-1572405879395/current'
removed directory: `/scratch/exd7159/27706562/hdfs_data/current/BP-1268762769-198.202.118.163-1572405879395/tmp'
removed `/scratch/exd7159/27706562/hdfs_data/current/BP-1268762769-198.202.118.163-1572405879395/dncp_block_verification.log.curr'
removed directory: `/scratch/exd7159/27706562/hdfs_data/current/BP-1268762769-198.202.118.163-1572405879395'
removed directory: `/scratch/exd7159/27706562/hdfs_data/current'
removed directory: `/scratch/exd7159/27706562/hdfs_data'
removed directory: `/scratch/exd7159/27706562/pids'
removed `/scratch/exd7159/27706562/logs/yarn-exd7159-nodemanager-comet-25-42.sdsc.edu.log'
removed directory: `/scratch/exd7159/27706562/logs/userlogs'
removed `/scratch/exd7159/27706562/logs/hadoop-exd7159-datanode-comet-25-42.sdsc.edu.out'
removed `/scratch/exd7159/27706562/logs/spark-exd7159-org.apache.spark.deploy.worker.Worker-1-comet-25-42.sdsc.edu.out'
removed `/scratch/exd7159/27706562/logs/hadoop-exd7159-datanode-comet-25-42.sdsc.edu.log'
removed `/scratch/exd7159/27706562/logs/SecurityAuth-exd7159.audit'
removed `/scratch/exd7159/27706562/logs/yarn-exd7159-nodemanager-comet-25-42.sdsc.edu.out'
removed directory: `/scratch/exd7159/27706562/logs'
removed directory: `/scratch/exd7159/27706562/mapred_scratch/nmPrivate'
removed directory: `/scratch/exd7159/27706562/mapred_scratch/usercache'
removed directory: `/scratch/exd7159/27706562/mapred_scratch/filecache'
removed directory: `/scratch/exd7159/27706562/mapred_scratch'
removed directory: `/scratch/exd7159/27706562/hdfs_data/current/BP-1268762769-198.202.118.163-1572405879395/current/rbw'
removed `/scratch/exd7159/27706562/hdfs_data/current/BP-1268762769-198.202.118.163-1572405879395/current/finalized/subdir0/subdir0/blk_1073741825'
removed `/scratch/exd7159/27706562/hdfs_data/current/BP-1268762769-198.202.118.163-1572405879395/current/finalized/subdir0/subdir0/blk_1073741825_1001.meta'
removed directory: `/scratch/exd7159/27706562/hdfs_data/current/BP-1268762769-198.202.118.163-1572405879395/current/finalized/subdir0/subdir0'
removed directory: `/scratch/exd7159/27706562/hdfs_data/current/BP-1268762769-198.202.118.163-1572405879395/current/finalized/subdir0'
removed directory: `/scratch/exd7159/27706562/hdfs_data/current/BP-1268762769-198.202.118.163-1572405879395/current/finalized'
removed `/scratch/exd7159/27706562/hdfs_data/current/BP-1268762769-198.202.118.163-1572405879395/current/VERSION'
removed `/scratch/exd7159/27706562/hdfs_data/current/BP-1268762769-198.202.118.163-1572405879395/current/dfsUsed'
removed directory: `/scratch/exd7159/27706562/hdfs_data/current/BP-1268762769-198.202.118.163-1572405879395/current'
removed `/scratch/exd7159/27706562/hdfs_data/current/BP-1268762769-198.202.118.163-1572405879395/dncp_block_verification.log.curr'
removed `/scratch/exd7159/27706562/hdfs_data/current/BP-1268762769-198.202.118.163-1572405879395/dncp_block_verification.log.prev'
removed directory: `/scratch/exd7159/27706562/hdfs_data/current/BP-1268762769-198.202.118.163-1572405879395/tmp'
removed directory: `/scratch/exd7159/27706562/hdfs_data/current/BP-1268762769-198.202.118.163-1572405879395'
removed `/scratch/exd7159/27706562/hdfs_data/current/VERSION'
removed directory: `/scratch/exd7159/27706562/hdfs_data/current'
removed directory: `/scratch/exd7159/27706562/hdfs_data'
removed directory: `/scratch/exd7159/27706562/pids'
removed `/scratch/exd7159/27706562/logs/SecurityAuth-exd7159.audit'
removed `/scratch/exd7159/27706562/logs/hadoop-exd7159-datanode-comet-27-61.sdsc.edu.out'
removed `/scratch/exd7159/27706562/logs/yarn-exd7159-nodemanager-comet-27-61.sdsc.edu.log'
removed directory: `/scratch/exd7159/27706562/logs/userlogs'
removed `/scratch/exd7159/27706562/logs/spark-exd7159-org.apache.spark.deploy.worker.Worker-1-comet-27-61.sdsc.edu.out'
removed `/scratch/exd7159/27706562/logs/yarn-exd7159-nodemanager-comet-27-61.sdsc.edu.out'
removed `/scratch/exd7159/27706562/logs/hadoop-exd7159-datanode-comet-27-61.sdsc.edu.log'
removed directory: `/scratch/exd7159/27706562/logs'
removed directory: `/tmp/Jetty_0_0_0_0_50070_hdfs____w2cu08/jsp'
removed directory: `/tmp/Jetty_0_0_0_0_50070_hdfs____w2cu08/.active'
removed directory: `/tmp/Jetty_0_0_0_0_50070_hdfs____w2cu08'
removed directory: `/tmp/Jetty_comet.10.20_ibnet_50090_secondary____.rz2fx2/jsp'
removed directory: `/tmp/Jetty_comet.10.20_ibnet_50090_secondary____.rz2fx2/.active'
removed directory: `/tmp/Jetty_comet.10.20_ibnet_50090_secondary____.rz2fx2'
removed directory: `/tmp/Jetty_0_0_0_0_50075_datanode____hwtdwq_6243097094544632786/jsp'
removed directory: `/tmp/Jetty_0_0_0_0_50075_datanode____hwtdwq_6243097094544632786/.active'
removed directory: `/tmp/Jetty_0_0_0_0_50075_datanode____hwtdwq_6243097094544632786'
